getWeatherForcast script ran: Wed Jul 22 21:48:16 CDT 2015
getWeatherForcast script ran: Wed Jul 22 21:48:50 CDT 2015
getWeatherForcast script ran: Wed Jul 22 21:50:02 CDT 2015
getWeatherForcast script ran: Wed Jul 22 21:51:13 CDT 2015
getWeatherForcast script ran: Thu Jul 23 00:01:10 CDT 2015
getWeatherForcast script ran: Thu Jul 23 04:01:09 CDT 2015
getWeatherForcast script ran: Thu Jul 23 08:01:10 CDT 2015
getWeatherForcast script ran: Thu Jul 23 12:01:09 CDT 2015
getWeatherForcast script ran: Thu Jul 23 16:01:09 CDT 2015
getWeatherForcast script ran: Thu Jul 23 20:01:09 CDT 2015
getWeatherForcast script ran: Fri Jul 24 00:01:09 CDT 2015
getWeatherForcast script ran: Fri Jul 24 04:01:09 CDT 2015
getWeatherForcast script ran: Fri Jul 24 08:01:10 CDT 2015
getWeatherForcast script ran: Fri Jul 24 12:01:09 CDT 2015
getWeatherForcast script ran: Fri Jul 24 16:01:10 CDT 2015
getWeatherForcast script ran: Fri Jul 24 20:01:09 CDT 2015
getWeatherForcast script ran: Sat Jul 25 00:01:09 CDT 2015
getWeatherForcast script ran: Sat Jul 25 04:01:09 CDT 2015
getWeatherForcast script ran: Sat Jul 25 08:01:08 CDT 2015
getWeatherForcast script ran: Sat Jul 25 12:01:09 CDT 2015
getWeatherForcast script ran: Sat Jul 25 16:01:09 CDT 2015
getWeatherForcast script ran: Sat Jul 25 20:01:09 CDT 2015
getWeatherForcast script ran: Sun Jul 26 00:01:09 CDT 2015
getWeatherForcast script ran: Sun Jul 26 04:01:09 CDT 2015
getWeatherForcast script ran: Sun Jul 26 08:01:08 CDT 2015
getWeatherForcast script ran: Sun Jul 26 12:01:09 CDT 2015
getWeatherForcast script ran: Sun Jul 26 16:01:09 CDT 2015
getWeatherForcast script ran: Sun Jul 26 20:01:10 CDT 2015
getWeatherForcast script ran: Mon Jul 27 00:01:10 CDT 2015
getWeatherForcast script ran: Mon Jul 27 04:01:09 CDT 2015
getWeatherForcast script ran: Mon Jul 27 08:01:09 CDT 2015
getWeatherForcast script ran: Mon Jul 27 12:01:10 CDT 2015
getWeatherForcast script ran: Mon Jul 27 16:01:33 CDT 2015
getWeatherForcast script ran: Mon Jul 27 20:03:09 CDT 2015
getWeatherForcast script ran: Wed Jul 29 00:01:10 CDT 2015
getWeatherForcast script ran: Wed Jul 29 04:01:10 CDT 2015
getWeatherForcast script ran: Wed Jul 29 08:01:09 CDT 2015
getWeatherForcast script ran: Wed Jul 29 12:01:09 CDT 2015
getWeatherForcast script ran: Wed Jul 29 16:01:11 CDT 2015
getWeatherForcast script ran: Wed Jul 29 20:01:09 CDT 2015
getWeatherForcast script ran: Thu Jul 30 00:01:11 CDT 2015
getWeatherForcast script ran: Thu Jul 30 04:01:09 CDT 2015
getWeatherForcast script ran: Thu Jul 30 08:01:10 CDT 2015
getWeatherForcast script ran: Thu Jul 30 12:01:09 CDT 2015
getWeatherForcast script ran: Thu Jul 30 16:01:09 CDT 2015
getWeatherForcast script ran: Thu Jul 30 20:01:10 CDT 2015
getWeatherForcast script ran: Thu Jul 30 20:58:44 CDT 2015
getWeatherForcast script ran: Thu Jul 30 22:01:09 CDT 2015
getWeatherForcast script ran: Fri Jul 31 00:01:09 CDT 2015
getWeatherForcast script ran: Fri Jul 31 02:01:09 CDT 2015
getWeatherForcast script ran: Fri Jul 31 04:01:10 CDT 2015
getWeatherForcast script ran: Fri Jul 31 06:01:09 CDT 2015
getWeatherForcast script ran: Fri Jul 31 08:01:09 CDT 2015
getWeatherForcast script ran: Fri Jul 31 10:01:10 CDT 2015
getWeatherForcast script ran: Fri Jul 31 12:01:08 CDT 2015
getWeatherForcast script ran: Fri Jul 31 14:01:09 CDT 2015
getWeatherForcast script ran: Fri Jul 31 16:01:10 CDT 2015
getWeatherForcast script ran: Fri Jul 31 18:01:09 CDT 2015
getWeatherForcast script ran: Fri Jul 31 20:01:12 CDT 2015
getWeatherForcast script ran: Fri Jul 31 22:01:09 CDT 2015
getWeatherForcast script ran: Sat Aug  1 00:01:07 CDT 2015
getWeatherForcast script ran: Sat Aug  1 02:01:07 CDT 2015
getWeatherForcast script ran: Sat Aug  1 04:01:08 CDT 2015
getWeatherForcast script ran: Sat Aug  1 06:01:07 CDT 2015
getWeatherForcast script ran: Sat Aug  1 08:01:08 CDT 2015
getWeatherForcast script ran: Sat Aug  1 10:01:08 CDT 2015
getWeatherForcast script ran: Sat Aug  1 12:01:08 CDT 2015
getWeatherForcast script ran: Sat Aug  1 14:01:08 CDT 2015
getWeatherForcast script ran: Sat Aug  1 16:01:10 CDT 2015
getWeatherForcast script ran: Sat Aug  1 18:01:08 CDT 2015
getWeatherForcast script ran: Sat Aug  1 20:01:08 CDT 2015
getWeatherForcast script ran: Sat Aug  1 22:01:09 CDT 2015
getWeatherForcast script ran: Sun Aug  2 00:01:09 CDT 2015
getWeatherForcast script ran: Sun Aug  2 02:01:08 CDT 2015
getWeatherForcast script ran: Sun Aug  2 04:01:10 CDT 2015
getWeatherForcast script ran: Sun Aug  2 06:01:10 CDT 2015
getWeatherForcast script ran: Sun Aug  2 08:01:08 CDT 2015
getWeatherForcast script ran: Sun Aug  2 10:01:08 CDT 2015
getWeatherForcast script ran: Sun Aug  2 12:01:09 CDT 2015
getWeatherForcast script ran: Sun Aug  2 14:01:09 CDT 2015
getWeatherForcast script ran: Sun Aug  2 16:01:10 CDT 2015
getWeatherForcast script ran: Sun Aug  2 18:01:09 CDT 2015
getWeatherForcast script ran: Sun Aug  2 20:01:09 CDT 2015
getWeatherForcast script ran: Sun Aug  2 22:01:09 CDT 2015
getWeatherForcast script ran: Sun Aug  2 22:07:09 CDT 2015
getWeatherForcast script ran: Sun Aug  2 22:11:07 CDT 2015
getWeatherForcast script ran: Mon Aug  3 00:01:09 CDT 2015
getWeatherForcast script ran: Mon Aug  3 02:01:09 CDT 2015
getWeatherForcast script ran: Mon Aug  3 04:01:09 CDT 2015
getWeatherForcast script ran: Mon Aug  3 06:01:09 CDT 2015
getWeatherForcast script ran: Mon Aug  3 08:01:10 CDT 2015
getWeatherForcast script ran: Mon Aug  3 10:01:11 CDT 2015
getWeatherForcast script ran: Mon Aug  3 12:01:08 CDT 2015
getWeatherForcast script ran: Mon Aug  3 14:01:11 CDT 2015
getWeatherForcast script ran: Mon Aug  3 18:01:10 CDT 2015
getWeatherForcast script ran: Mon Aug  3 20:01:09 CDT 2015
getWeatherForcast script ran: Mon Aug  3 22:01:09 CDT 2015
getWeatherForcast script ran: Tue Aug  4 00:01:10 CDT 2015
getWeatherForcast script ran: Tue Aug  4 02:01:10 CDT 2015
getWeatherForcast script ran: Tue Aug  4 04:01:09 CDT 2015
getWeatherForcast script ran: Tue Aug  4 06:01:10 CDT 2015
getWeatherForcast script ran: Tue Aug  4 08:01:09 CDT 2015
getWeatherForcast script ran: Tue Aug  4 10:01:09 CDT 2015
getWeatherForcast script ran: Tue Aug  4 12:01:10 CDT 2015
getWeatherForcast script ran: Tue Aug  4 14:01:09 CDT 2015
getWeatherForcast script ran: Tue Aug  4 16:01:11 CDT 2015
getWeatherForcast script ran: Tue Aug  4 18:01:10 CDT 2015
getWeatherForcast script ran: Tue Aug  4 20:01:10 CDT 2015
getWeatherForcast script ran: Tue Aug  4 22:01:10 CDT 2015
getWeatherForcast script ran: Tue Aug  4 22:01:12 CDT 2015
getWeatherForcast script ran: Wed Aug  5 00:01:11 CDT 2015
getWeatherForcast script ran: Wed Aug  5 02:01:12 CDT 2015
getWeatherForcast script ran: Wed Aug  5 04:01:10 CDT 2015
getWeatherForcast script ran: Wed Aug  5 06:01:10 CDT 2015
getWeatherForcast script ran: Wed Aug  5 08:01:09 CDT 2015
getWeatherForcast script ran: Wed Aug  5 10:01:09 CDT 2015
getWeatherForcast script ran: Wed Aug  5 12:01:09 CDT 2015
getWeatherForcast script ran: Wed Aug  5 14:01:09 CDT 2015
getWeatherForcast script ran: Wed Aug  5 16:01:10 CDT 2015
getWeatherForcast script ran: Wed Aug  5 18:01:10 CDT 2015
getWeatherForcast script ran: Wed Aug  5 20:01:09 CDT 2015
getWeatherForcast script ran: Wed Aug  5 22:01:09 CDT 2015
getWeatherForcast script ran: Thu Aug  6 00:01:11 CDT 2015
getWeatherForcast script ran: Thu Aug  6 02:01:09 CDT 2015
getWeatherForcast script ran: Thu Aug  6 04:01:10 CDT 2015
getWeatherForcast script ran: Thu Aug  6 06:01:12 CDT 2015
getWeatherForcast script ran: Thu Aug  6 08:01:10 CDT 2015
getWeatherForcast script ran: Thu Aug  6 10:01:09 CDT 2015
getWeatherForcast script ran: Thu Aug  6 12:01:11 CDT 2015
getWeatherForcast script ran: Thu Aug  6 14:01:09 CDT 2015
getWeatherForcast script ran: Thu Aug  6 16:01:10 CDT 2015
getWeatherForcast script ran: Thu Aug  6 18:01:11 CDT 2015
getWeatherForcast script ran: Thu Aug  6 20:01:10 CDT 2015
getWeatherForcast script ran: Thu Aug  6 22:01:10 CDT 2015
getWeatherForcast script ran: Fri Aug  7 00:01:10 CDT 2015
getWeatherForcast script ran: Fri Aug  7 02:01:10 CDT 2015
getWeatherForcast script ran: Fri Aug  7 04:01:10 CDT 2015
getWeatherForcast script ran: Fri Aug  7 06:01:10 CDT 2015
getWeatherForcast script ran: Fri Aug  7 08:01:11 CDT 2015
getWeatherForcast script ran: Fri Aug  7 10:01:11 CDT 2015
getWeatherForcast script ran: Fri Aug  7 12:01:14 CDT 2015
getWeatherForcast script ran: Fri Aug  7 14:02:09 CDT 2015
getWeatherForcast script ran: Fri Aug  7 16:02:15 CDT 2015
getWeatherForcast script ran: Fri Aug  7 18:02:43 CDT 2015
getWeatherForcast script ran: Fri Aug  7 20:03:06 CDT 2015
getWeatherForcast script ran: Fri Aug  7 22:02:58 CDT 2015
getWeatherForcast script ran: Sat Aug  8 00:02:41 CDT 2015
getWeatherForcast script ran: Sat Aug  8 02:04:24 CDT 2015
getWeatherForcast script ran: Sat Aug  8 04:03:22 CDT 2015
getWeatherForcast script ran: Sat Aug  8 06:02:59 CDT 2015
getWeatherForcast script ran: Sat Aug  8 08:03:26 CDT 2015
getWeatherForcast script ran: Sat Aug  8 10:01:09 CDT 2015
getWeatherForcast script ran: Sat Aug  8 12:01:10 CDT 2015
getWeatherForcast script ran: Sat Aug  8 14:01:14 CDT 2015
getWeatherForcast script ran: Sat Aug  8 16:01:10 CDT 2015
getWeatherForcast script ran: Sat Aug  8 18:01:09 CDT 2015
getWeatherForcast script ran: Sat Aug  8 20:01:09 CDT 2015
getWeatherForcast script ran: Sat Aug  8 22:01:09 CDT 2015
getWeatherForcast script ran: Sun Aug  9 00:01:09 CDT 2015
getWeatherForcast script ran: Sun Aug  9 02:01:10 CDT 2015
getWeatherForcast script ran: Sun Aug  9 04:01:09 CDT 2015
getWeatherForcast script ran: Sun Aug  9 06:01:10 CDT 2015
getWeatherForcast script ran: Sun Aug  9 08:01:10 CDT 2015
getWeatherForcast script ran: Sun Aug  9 10:01:09 CDT 2015
getWeatherForcast script ran: Sun Aug  9 12:01:10 CDT 2015
getWeatherForcast script ran: Sun Aug  9 14:01:14 CDT 2015
getWeatherForcast script ran: Sun Aug  9 16:01:10 CDT 2015
getWeatherForcast script ran: Sun Aug  9 18:01:11 CDT 2015
getWeatherForcast script ran: Sun Aug  9 20:01:12 CDT 2015
getWeatherForcast script ran: Sun Aug  9 22:01:11 CDT 2015
getWeatherForcast script ran: Mon Aug 10 00:01:10 CDT 2015
getWeatherForcast script ran: Mon Aug 10 02:01:10 CDT 2015
getWeatherForcast script ran: Mon Aug 10 04:01:10 CDT 2015
getWeatherForcast script ran: Mon Aug 10 06:01:11 CDT 2015
getWeatherForcast script ran: Mon Aug 10 08:01:10 CDT 2015
getWeatherForcast script ran: Mon Aug 10 10:01:10 CDT 2015
getWeatherForcast script ran: Mon Aug 10 12:01:09 CDT 2015
getWeatherForcast script ran: Mon Aug 10 14:01:10 CDT 2015
getWeatherForcast script ran: Mon Aug 10 16:01:09 CDT 2015
getWeatherForcast script ran: Mon Aug 10 18:01:10 CDT 2015
getWeatherForcast script ran: Mon Aug 10 20:01:09 CDT 2015
getWeatherForcast script ran: Tue Aug 11 00:01:09 CDT 2015
getWeatherForcast script ran: Tue Aug 11 02:01:09 CDT 2015
getWeatherForcast script ran: Tue Aug 11 04:01:09 CDT 2015
getWeatherForcast script ran: Tue Aug 11 06:01:10 CDT 2015
getWeatherForcast script ran: Tue Aug 11 08:01:10 CDT 2015
getWeatherForcast script ran: Tue Aug 11 10:01:09 CDT 2015
getWeatherForcast script ran: Tue Aug 11 12:01:09 CDT 2015
getWeatherForcast script ran: Tue Aug 11 14:01:09 CDT 2015
getWeatherForcast script ran: Tue Aug 11 16:01:09 CDT 2015
getWeatherForcast script ran: Tue Aug 11 18:01:10 CDT 2015
getWeatherForcast script ran: Tue Aug 11 20:01:10 CDT 2015
getWeatherForcast script ran: Tue Aug 11 22:01:10 CDT 2015
getWeatherForcast script ran: Wed Aug 12 00:01:11 CDT 2015
getWeatherForcast script ran: Wed Aug 12 02:01:10 CDT 2015
getWeatherForcast script ran: Wed Aug 12 04:01:09 CDT 2015
getWeatherForcast script ran: Wed Aug 12 06:01:09 CDT 2015
getWeatherForcast script ran: Wed Aug 12 08:01:09 CDT 2015
getWeatherForcast script ran: Wed Aug 12 10:01:10 CDT 2015
getWeatherForcast script ran: Wed Aug 12 12:01:11 CDT 2015
getWeatherForcast script ran: Wed Aug 12 14:01:11 CDT 2015
getWeatherForcast script ran: Wed Aug 12 16:01:10 CDT 2015
getWeatherForcast script ran: Wed Aug 12 18:01:10 CDT 2015
getWeatherForcast script ran: Wed Aug 12 20:01:10 CDT 2015
getWeatherForcast script ran: Wed Aug 12 22:01:11 CDT 2015
getWeatherForcast script ran: Thu Aug 13 00:01:09 CDT 2015
getWeatherForcast script ran: Thu Aug 13 02:01:10 CDT 2015
getWeatherForcast script ran: Thu Aug 13 04:01:11 CDT 2015
getWeatherForcast script ran: Thu Aug 13 06:01:09 CDT 2015
getWeatherForcast script ran: Thu Aug 13 08:01:10 CDT 2015
getWeatherForcast script ran: Thu Aug 13 10:01:10 CDT 2015
getWeatherForcast script ran: Thu Aug 13 12:01:10 CDT 2015
getWeatherForcast script ran: Thu Aug 13 14:01:10 CDT 2015
getWeatherForcast script ran: Thu Aug 13 16:01:09 CDT 2015
getWeatherForcast script ran: Thu Aug 13 18:01:09 CDT 2015
getWeatherForcast script ran: Thu Aug 13 20:01:10 CDT 2015
getWeatherForcast script ran: Thu Aug 13 22:01:10 CDT 2015
getWeatherForcast script ran: Fri Aug 14 00:01:09 CDT 2015
getWeatherForcast script ran: Fri Aug 14 02:01:10 CDT 2015
getWeatherForcast script ran: Fri Aug 14 04:01:10 CDT 2015
getWeatherForcast script ran: Fri Aug 14 06:01:10 CDT 2015
getWeatherForcast script ran: Fri Aug 14 08:01:10 CDT 2015
getWeatherForcast script ran: Fri Aug 14 10:01:10 CDT 2015
getWeatherForcast script ran: Fri Aug 14 12:01:10 CDT 2015
getWeatherForcast script ran: Fri Aug 14 14:01:10 CDT 2015
getWeatherForcast script ran: Fri Aug 14 16:01:14 CDT 2015
getWeatherForcast script ran: Fri Aug 14 18:01:09 CDT 2015
getWeatherForcast script ran: Fri Aug 14 20:01:09 CDT 2015
getWeatherForcast script ran: Fri Aug 14 22:01:10 CDT 2015
getWeatherForcast script ran: Sat Aug 15 00:01:10 CDT 2015
getWeatherForcast script ran: Sat Aug 15 02:01:11 CDT 2015
getWeatherForcast script ran: Sat Aug 15 04:01:08 CDT 2015
getWeatherForcast script ran: Sat Aug 15 06:01:11 CDT 2015
getWeatherForcast script ran: Sat Aug 15 08:01:09 CDT 2015
getWeatherForcast script ran: Sat Aug 15 10:01:14 CDT 2015
getWeatherForcast script ran: Sat Aug 15 12:01:10 CDT 2015
getWeatherForcast script ran: Sat Aug 15 14:01:09 CDT 2015
getWeatherForcast script ran: Sat Aug 15 16:01:09 CDT 2015
getWeatherForcast script ran: Sat Aug 15 18:01:09 CDT 2015
getWeatherForcast script ran: Sat Aug 15 20:01:10 CDT 2015
getWeatherForcast script ran: Sat Aug 15 22:01:11 CDT 2015
getWeatherForcast script ran: Sun Aug 16 00:01:46 CDT 2015
getWeatherForcast script ran: Sun Aug 16 02:02:55 CDT 2015
getWeatherForcast script ran: Sun Aug 16 04:03:07 CDT 2015
getWeatherForcast script ran: Sun Aug 16 06:02:56 CDT 2015
getWeatherForcast script ran: Sun Aug 16 08:01:56 CDT 2015
getWeatherForcast script ran: Sun Aug 16 10:02:44 CDT 2015
getWeatherForcast script ran: Sun Aug 16 12:03:42 CDT 2015
getWeatherForcast script ran: Sun Aug 16 14:02:47 CDT 2015
getWeatherForcast script ran: Sun Aug 16 16:02:55 CDT 2015
getWeatherForcast script ran: Sun Aug 16 18:03:46 CDT 2015
getWeatherForcast script ran: Sun Aug 16 20:01:11 CDT 2015
getWeatherForcast script ran: Sun Aug 16 22:01:09 CDT 2015
getWeatherForcast script ran: Mon Aug 17 00:01:09 CDT 2015
getWeatherForcast script ran: Mon Aug 17 02:01:09 CDT 2015
getWeatherForcast script ran: Mon Aug 17 04:01:09 CDT 2015
getWeatherForcast script ran: Mon Aug 17 06:01:09 CDT 2015
getWeatherForcast script ran: Mon Aug 17 08:01:09 CDT 2015
getWeatherForcast script ran: Mon Aug 17 10:01:09 CDT 2015
getWeatherForcast script ran: Mon Aug 17 12:01:09 CDT 2015
getWeatherForcast script ran: Mon Aug 17 14:01:09 CDT 2015
getWeatherForcast script ran: Mon Aug 17 16:01:09 CDT 2015
getWeatherForcast script ran: Mon Aug 17 18:01:15 CDT 2015
getWeatherForcast script ran: Mon Aug 17 20:01:09 CDT 2015
getWeatherForcast script ran: Mon Aug 17 22:01:09 CDT 2015
getWeatherForcast script ran: Tue Aug 18 00:01:09 CDT 2015
getWeatherForcast script ran: Tue Aug 18 02:01:10 CDT 2015
getWeatherForcast script ran: Tue Aug 18 04:01:10 CDT 2015
getWeatherForcast script ran: Tue Aug 18 06:01:10 CDT 2015
getWeatherForcast script ran: Tue Aug 18 08:01:10 CDT 2015
getWeatherForcast script ran: Tue Aug 18 10:01:10 CDT 2015
getWeatherForcast script ran: Tue Aug 18 12:01:18 CDT 2015
getWeatherForcast script ran: Tue Aug 18 14:01:09 CDT 2015
getWeatherForcast script ran: Tue Aug 18 16:01:09 CDT 2015
getWeatherForcast script ran: Tue Aug 18 18:01:11 CDT 2015
getWeatherForcast script ran: Tue Aug 18 20:01:31 CDT 2015
getWeatherForcast script ran: Tue Aug 18 22:02:05 CDT 2015
getWeatherForcast script ran: Wed Aug 19 00:36:59 CDT 2015
getWeatherForcast script ran: Wed Aug 19 03:04:03 CDT 2015
getWeatherForcast script ran: Wed Aug 19 06:57:54 CDT 2015
getWeatherForcast script ran: Wed Aug 19 06:58:00 CDT 2015
getWeatherForcast script ran: Wed Aug 19 08:01:08 CDT 2015
getWeatherForcast script ran: Wed Aug 19 10:01:10 CDT 2015
getWeatherForcast script ran: Wed Aug 19 12:01:09 CDT 2015
getWeatherForcast script ran: Wed Aug 19 14:01:09 CDT 2015
getWeatherForcast script ran: Wed Aug 19 16:01:09 CDT 2015
getWeatherForcast script ran: Wed Aug 19 18:01:09 CDT 2015
getWeatherForcast script ran: Wed Aug 19 20:01:09 CDT 2015
getWeatherForcast script ran: Wed Aug 19 22:01:09 CDT 2015
