2015-07-15 22:48:53,109 - ThermoData - INFO - 100: ***************Thermostat Data is starting************
2015-07-15 22:48:53,150 - ThermoData - INFO - 101: Configuration is complete
2015-07-15 22:52:41,669 - ThermoData - INFO - 100: ***************Thermostat Data is starting************
2015-07-15 22:52:41,703 - ThermoData - INFO - 101: Configuration is complete
2015-07-16 22:22:36,987 - ThermoData - INFO - 100: Thermostat Data is starting
2015-07-16 22:22:36,989 - ThermoData - INFO - 101: Configuration is complete
2015-07-16 22:40:33,277 - ThermoData - INFO - 100: Thermostat Data is starting
2015-07-16 22:40:33,279 - ThermoData - INFO - 101: Configuration is complete
2015-07-16 22:43:34,391 - ThermoData - INFO - 100: Thermostat Data is starting
2015-07-16 22:43:34,436 - ThermoData - INFO - 101: Configuration is complete
2015-07-16 22:50:02,167 - ThermoData - INFO - 100: Thermostat Data is starting
2015-07-16 22:50:02,169 - ThermoData - INFO - 101: Configuration is complete
2015-07-16 22:50:55,914 - ThermoData - INFO - 100: Thermostat Data is starting
2015-07-16 22:50:55,931 - ThermoData - INFO - 101: Configuration is complete
2015-07-16 22:52:23,975 - ThermoData - INFO - 100: Thermostat Data is starting
2015-07-16 22:52:23,977 - ThermoData - INFO - 101: Configuration is complete
2015-07-16 22:53:23,105 - ThermoData - INFO - 100: Thermostat Data is starting
2015-07-16 22:53:23,107 - ThermoData - INFO - 101: Configuration is complete
2015-07-16 22:53:34,576 - ThermoData - INFO - 100: Thermostat Data is starting
2015-07-16 22:53:34,578 - ThermoData - INFO - 101: Configuration is complete
2015-07-16 22:54:13,342 - ThermoData - INFO - 100: Thermostat Data is starting
2015-07-16 22:54:13,344 - ThermoData - INFO - 101: Configuration is complete
2015-07-16 22:56:16,148 - ThermoData - INFO - 100: Thermostat Data is starting
2015-07-16 22:56:16,151 - ThermoData - INFO - 101: Configuration is complete
2015-07-16 22:58:25,097 - ThermoData - INFO - 100: Thermostat Data is starting
2015-07-16 22:58:25,099 - ThermoData - INFO - 101: Configuration is complete
2015-07-16 23:29:46,213 - ThermoData - INFO - 100: Thermostat Data is starting
2015-07-16 23:29:46,226 - ThermoData - INFO - 101: Configuration is complete
2015-07-16 23:31:27,784 - ThermoData - INFO - 100: Thermostat Data is starting
2015-07-16 23:31:27,786 - ThermoData - INFO - 101: Configuration is complete
2015-07-16 23:32:38,673 - ThermoData - INFO - 100: Thermostat Data is starting
2015-07-16 23:32:38,686 - ThermoData - INFO - 101: Configuration is complete
2015-07-16 23:37:49,525 - ThermoData - INFO - 100: Thermostat Data is starting
2015-07-16 23:37:49,546 - ThermoData - INFO - 101: Configuration is complete
2015-07-16 23:42:28,888 - ThermoData - INFO - 100: Thermostat Data is starting
2015-07-16 23:42:28,907 - ThermoData - INFO - 101: Configuration is complete
2015-07-19 05:17:58,227 - ThermoData - INFO - 100: Thermostat Data is starting
2015-07-19 05:17:58,246 - ThermoData - INFO - 101: Configuration is complete
2015-07-20 21:48:42,221 - ThermoData - INFO - 100: Thermostat Data is starting
2015-07-20 21:48:42,240 - ThermoData - INFO - 101: Configuration is complete
2015-07-20 21:54:11,803 - ThermoData - INFO - 100: Thermostat Data is starting
2015-07-20 21:54:11,805 - ThermoData - INFO - 101: Configuration is complete
2015-07-20 21:59:02,920 - ThermoData - INFO - 100: Thermostat Data is starting
2015-07-20 21:59:02,922 - ThermoData - INFO - 101: Configuration is complete
2015-07-20 22:15:14,123 - ThermoData - INFO - 100: Thermostat Data is starting
2015-07-20 22:15:14,151 - ThermoData - INFO - 101: Configuration is complete
2015-07-20 22:53:29,958 - ThermoData - INFO - 100: Thermostat Data is starting
2015-07-20 22:53:29,958 - ThermoData - INFO - 100: Thermostat Data is starting
2015-07-20 22:53:45,061 - ThermoData - INFO - 100: Thermostat Data is starting
2015-07-20 22:53:45,061 - ThermoData - INFO - 100: Thermostat Data is starting
2015-07-20 22:53:45,061 - ThermoData - INFO - 100: Thermostat Data is starting
2015-07-20 22:53:45,794 - ThermoData - INFO - 101: Configuration is complete
2015-07-20 22:53:45,794 - ThermoData - INFO - 101: Configuration is complete
2015-07-20 22:53:45,794 - ThermoData - INFO - 101: Configuration is complete
2015-07-20 22:59:10,960 - ThermoData - INFO - 100: Thermostat Data is starting
2015-07-20 22:59:11,670 - ThermoData - INFO - 101: Configuration is complete
2015-07-20 23:01:43,767 - ThermoData - INFO - 100: Thermostat Data is starting
2015-07-20 23:01:43,767 - ThermoData - INFO - 100: Thermostat Data is starting
2015-07-20 23:02:26,426 - ThermoData - INFO - 100: Thermostat Data is starting
2015-07-20 23:02:26,426 - ThermoData - INFO - 100: Thermostat Data is starting
2015-07-20 23:02:26,426 - ThermoData - INFO - 100: Thermostat Data is starting
2015-07-20 23:02:53,709 - ThermoData - INFO - 100: Thermostat Data is starting
2015-07-20 23:03:18,977 - ThermoData - INFO - 100: Thermostat Data is starting
2015-07-20 23:03:18,977 - ThermoData - INFO - 100: Thermostat Data is starting
2015-07-20 23:03:19,388 - ThermoData - INFO - 101: Configuration is complete
2015-07-20 23:03:19,388 - ThermoData - INFO - 101: Configuration is complete
2015-07-20 23:05:27,498 - ThermoData - INFO - 100: Thermostat Data is starting
2015-07-20 23:05:27,900 - ThermoData - INFO - 101: Configuration is complete
2015-07-20 23:08:55,443 - ThermoData - INFO - 100: Thermostat Data is starting
2015-07-20 23:08:56,001 - ThermoData - INFO - 101: Configuration is complete
2015-07-21 22:44:00,256 - ThermoData - INFO - 100: Thermostat Data is starting
2015-07-21 22:44:00,278 - ThermoData - INFO - 101: Configuration is complete
2015-07-21 23:06:28,570 - ThermoData - INFO - 100: Thermostat Data is starting
2015-07-21 23:06:28,589 - ThermoData - INFO - 101: Configuration is complete
2015-07-21 23:09:46,503 - ThermoData - INFO - 100: Thermostat Data is starting
2015-07-21 23:09:47,176 - ThermoData - INFO - 101: Configuration is complete
2015-07-21 23:27:27,896 - ThermoData - ERROR - Exception Occurred in ThermoData updateRealtimeData().
Traceback (most recent call last):
  File "<ipython-input-4-2aa6637bb36f>", line 3, in updateRealTimeData
    queryset.rt_datetime = timezone.now()
NameError: global name 'timezone' is not defined
2015-07-21 23:40:39,336 - ThermoData - INFO - 100: Thermostat Data is starting
2015-07-21 23:40:39,358 - ThermoData - INFO - 101: Configuration is complete
2015-07-21 23:47:44,403 - ThermoData - INFO - 100: Thermostat Data is starting
2015-07-21 23:47:44,435 - ThermoData - INFO - 101: Configuration is complete
2015-07-21 23:49:35,707 - ThermoData - INFO - 100: Thermostat Data is starting
2015-07-21 23:49:35,759 - ThermoData - INFO - 101: Configuration is complete
2015-07-21 23:51:55,288 - ThermoData - INFO - 100: Thermostat Data is starting
2015-07-21 23:51:55,309 - ThermoData - INFO - 101: Configuration is complete
2015-07-21 23:52:58,640 - ThermoData - INFO - 100: Thermostat Data is starting
2015-07-21 23:52:58,659 - ThermoData - INFO - 101: Configuration is complete
2015-07-22 00:14:03,125 - ThermoData - INFO - 100: Thermostat Data is starting
2015-07-22 00:14:03,146 - ThermoData - INFO - 101: Configuration is complete
2015-07-22 00:21:29,651 - ThermoData - INFO - 100: Thermostat Data is starting
2015-07-22 00:21:29,679 - ThermoData - INFO - 101: Configuration is complete
2015-07-22 14:21:30,280 - ThermoData - INFO - 100: Thermostat Data is starting
2015-07-22 14:21:30,289 - ThermoData - INFO - 101: Configuration is complete
2015-07-22 14:58:19,789 - ThermoData - INFO - 100: Thermostat Data is starting
2015-07-22 14:58:20,217 - ThermoData - INFO - 101: Configuration is complete
2015-07-22 14:59:15,103 - ThermoData - ERROR - Exception Occurred in ThermoData getForecastData()
Traceback (most recent call last):
  File "<ipython-input-7-1afeda8ae38b>", line 3, in getForecastData
    forecastQuery = FCdata.objects.get(pk=1)
  File "/usr/local/lib/python2.7/dist-packages/django/db/models/manager.py", line 92, in manager_method
    return getattr(self.get_queryset(), name)(*args, **kwargs)
  File "/usr/local/lib/python2.7/dist-packages/django/db/models/query.py", line 357, in get
    self.model._meta.object_name)
DoesNotExist: ForecastData matching query does not exist.
2015-07-22 15:21:40,463 - ThermoData - ERROR - Exception Occurred in ThermoData updateForecastData().
Traceback (most recent call last):
  File "<ipython-input-8-7a01eb86fd61>", line 3, in updateForecastData
    queryset.save()
  File "/usr/local/lib/python2.7/dist-packages/django/db/models/base.py", line 589, in save
    force_update=force_update, update_fields=update_fields)
  File "/usr/local/lib/python2.7/dist-packages/django/db/models/base.py", line 617, in save_base
    updated = self._save_table(raw, cls, force_insert, force_update, using, update_fields)
  File "/usr/local/lib/python2.7/dist-packages/django/db/models/base.py", line 679, in _save_table
    forced_update)
  File "/usr/local/lib/python2.7/dist-packages/django/db/models/base.py", line 723, in _do_update
    return filtered._update(values) > 0
  File "/usr/local/lib/python2.7/dist-packages/django/db/models/query.py", line 600, in _update
    return query.get_compiler(self.db).execute_sql(CURSOR)
  File "/usr/local/lib/python2.7/dist-packages/django/db/models/sql/compiler.py", line 1004, in execute_sql
    cursor = super(SQLUpdateCompiler, self).execute_sql(result_type)
  File "/usr/local/lib/python2.7/dist-packages/django/db/models/sql/compiler.py", line 775, in execute_sql
    sql, params = self.as_sql()
  File "/usr/local/lib/python2.7/dist-packages/django/db/models/sql/compiler.py", line 969, in as_sql
    val = field.get_db_prep_save(val, connection=self.connection)
  File "/usr/local/lib/python2.7/dist-packages/django/db/models/fields/__init__.py", line 627, in get_db_prep_save
    prepared=False)
  File "/usr/local/lib/python2.7/dist-packages/django/db/models/fields/__init__.py", line 619, in get_db_prep_value
    value = self.get_prep_value(value)
  File "/usr/local/lib/python2.7/dist-packages/django/db/models/fields/__init__.py", line 1601, in get_prep_value
    return int(value)
ValueError: invalid literal for int() with base 10: '44%'
2015-07-22 15:31:36,805 - ThermoData - INFO - 100: Thermostat Data is starting
2015-07-22 15:31:36,865 - ThermoData - INFO - 101: Configuration is complete
2015-07-22 15:33:11,041 - ThermoData - INFO - 100: Thermostat Data is starting
2015-07-22 15:33:11,062 - ThermoData - INFO - 101: Configuration is complete
2015-07-22 15:36:40,151 - ThermoData - INFO - 100: Thermostat Data is starting
2015-07-22 15:36:40,578 - ThermoData - INFO - 101: Configuration is complete
2015-07-22 15:54:57,207 - ThermoData - INFO - 100: Thermostat Data is starting
2015-07-22 15:54:59,595 - ThermoData - INFO - 101: Configuration is complete
2015-07-22 16:02:59,778 - ThermoData - INFO - 100: Thermostat Data is starting
2015-07-22 16:03:00,344 - ThermoData - INFO - 101: Configuration is complete
2015-07-22 16:03:00,994 - ThermoData - ERROR - Exception Occurred in ThermoData updateForecastData().
Traceback (most recent call last):
  File "ThermoData.py", line 148, in updateForecastData
    queryset.save()
  File "/usr/local/lib/python2.7/dist-packages/django/db/models/base.py", line 589, in save
    force_update=force_update, update_fields=update_fields)
  File "/usr/local/lib/python2.7/dist-packages/django/db/models/base.py", line 617, in save_base
    updated = self._save_table(raw, cls, force_insert, force_update, using, update_fields)
  File "/usr/local/lib/python2.7/dist-packages/django/db/models/base.py", line 679, in _save_table
    forced_update)
  File "/usr/local/lib/python2.7/dist-packages/django/db/models/base.py", line 723, in _do_update
    return filtered._update(values) > 0
  File "/usr/local/lib/python2.7/dist-packages/django/db/models/query.py", line 600, in _update
    return query.get_compiler(self.db).execute_sql(CURSOR)
  File "/usr/local/lib/python2.7/dist-packages/django/db/models/sql/compiler.py", line 1004, in execute_sql
    cursor = super(SQLUpdateCompiler, self).execute_sql(result_type)
  File "/usr/local/lib/python2.7/dist-packages/django/db/models/sql/compiler.py", line 786, in execute_sql
    cursor.execute(sql, params)
  File "/usr/local/lib/python2.7/dist-packages/django/db/backends/utils.py", line 81, in execute
    return super(CursorDebugWrapper, self).execute(sql, params)
  File "/usr/local/lib/python2.7/dist-packages/django/db/backends/utils.py", line 65, in execute
    return self.cursor.execute(sql, params)
  File "/usr/local/lib/python2.7/dist-packages/django/db/utils.py", line 94, in __exit__
    six.reraise(dj_exc_type, dj_exc_value, traceback)
  File "/usr/local/lib/python2.7/dist-packages/django/db/backends/utils.py", line 65, in execute
    return self.cursor.execute(sql, params)
  File "/usr/local/lib/python2.7/dist-packages/django/db/backends/sqlite3/base.py", line 485, in execute
    return Database.Cursor.execute(self, query, params)
OperationalError: attempt to write a readonly database
2015-07-22 16:04:51,035 - ThermoData - INFO - 100: Thermostat Data is starting
2015-07-22 16:04:51,429 - ThermoData - INFO - 101: Configuration is complete
2015-07-22 16:04:52,060 - ThermoData - ERROR - Exception Occurred in ThermoData updateForecastData().
Traceback (most recent call last):
  File "ThermoData.py", line 148, in updateForecastData
    queryset.save()
  File "/usr/local/lib/python2.7/dist-packages/django/db/models/base.py", line 589, in save
    force_update=force_update, update_fields=update_fields)
  File "/usr/local/lib/python2.7/dist-packages/django/db/models/base.py", line 617, in save_base
    updated = self._save_table(raw, cls, force_insert, force_update, using, update_fields)
  File "/usr/local/lib/python2.7/dist-packages/django/db/models/base.py", line 679, in _save_table
    forced_update)
  File "/usr/local/lib/python2.7/dist-packages/django/db/models/base.py", line 723, in _do_update
    return filtered._update(values) > 0
  File "/usr/local/lib/python2.7/dist-packages/django/db/models/query.py", line 600, in _update
    return query.get_compiler(self.db).execute_sql(CURSOR)
  File "/usr/local/lib/python2.7/dist-packages/django/db/models/sql/compiler.py", line 1004, in execute_sql
    cursor = super(SQLUpdateCompiler, self).execute_sql(result_type)
  File "/usr/local/lib/python2.7/dist-packages/django/db/models/sql/compiler.py", line 786, in execute_sql
    cursor.execute(sql, params)
  File "/usr/local/lib/python2.7/dist-packages/django/db/backends/utils.py", line 81, in execute
    return super(CursorDebugWrapper, self).execute(sql, params)
  File "/usr/local/lib/python2.7/dist-packages/django/db/backends/utils.py", line 65, in execute
    return self.cursor.execute(sql, params)
  File "/usr/local/lib/python2.7/dist-packages/django/db/utils.py", line 94, in __exit__
    six.reraise(dj_exc_type, dj_exc_value, traceback)
  File "/usr/local/lib/python2.7/dist-packages/django/db/backends/utils.py", line 65, in execute
    return self.cursor.execute(sql, params)
  File "/usr/local/lib/python2.7/dist-packages/django/db/backends/sqlite3/base.py", line 485, in execute
    return Database.Cursor.execute(self, query, params)
OperationalError: attempt to write a readonly database
2015-07-22 16:06:13,897 - ThermoData - INFO - 100: Thermostat Data is starting
2015-07-22 16:06:14,301 - ThermoData - INFO - 101: Configuration is complete
2015-07-22 16:09:35,626 - ThermoData - INFO - 100: Thermostat Data is starting
2015-07-22 16:09:36,294 - ThermoData - INFO - 101: Configuration is complete
2015-07-22 16:09:49,984 - ThermoData - INFO - 100: Thermostat Data is starting
2015-07-22 16:09:50,369 - ThermoData - INFO - 101: Configuration is complete
2015-07-22 16:12:13,290 - ThermoData - INFO - 100: Thermostat Data is starting
2015-07-22 16:12:13,767 - ThermoData - INFO - 101: Configuration is complete
2015-07-22 16:15:11,621 - ThermoData - INFO - 100: Thermostat Data is starting
2015-07-22 16:15:12,023 - ThermoData - INFO - 101: Configuration is complete
2015-07-22 16:15:44,078 - ThermoData - INFO - 100: Thermostat Data is starting
2015-07-22 16:15:44,488 - ThermoData - INFO - 101: Configuration is complete
2015-07-22 16:21:12,880 - ThermoData - INFO - 100: Thermostat Data is starting
2015-07-22 16:21:15,287 - ThermoData - INFO - 101: Configuration is complete
2015-07-22 16:36:19,242 - ThermoData - INFO - 100: Thermostat Data is starting
2015-07-22 16:36:19,639 - ThermoData - INFO - 101: Configuration is complete
2015-07-22 16:38:46,142 - ThermoData - INFO - 100: Thermostat Data is starting
2015-07-22 16:38:46,869 - ThermoData - INFO - 101: Configuration is complete
2015-07-22 16:54:31,082 - ThermoData - INFO - 100: Thermostat Data is starting
2015-07-22 16:54:31,101 - ThermoData - INFO - 100: Thermostat Data is starting
2015-07-22 16:54:34,332 - ThermoData - INFO - 101: Configuration is complete
2015-07-22 16:54:34,376 - ThermoData - INFO - 101: Configuration is complete
2015-07-22 16:55:55,164 - ThermoData - INFO - 100: Thermostat Data is starting
2015-07-22 16:55:55,579 - ThermoData - INFO - 101: Configuration is complete
2015-07-22 16:59:57,591 - ThermoData - INFO - 100: Thermostat Data is starting
2015-07-22 16:59:57,982 - ThermoData - INFO - 101: Configuration is complete
2015-07-22 17:00:19,068 - ThermoData - INFO - 100: Thermostat Data is starting
2015-07-22 17:00:19,456 - ThermoData - INFO - 101: Configuration is complete
2015-07-22 17:03:08,655 - ThermoData - INFO - 100: Thermostat Data is starting
2015-07-22 17:03:08,702 - ThermoData - INFO - 100: Thermostat Data is starting
2015-07-22 17:03:10,452 - ThermoData - INFO - 101: Configuration is complete
2015-07-22 17:03:10,463 - ThermoData - INFO - 101: Configuration is complete
2015-07-22 21:31:03,825 - ThermoData - INFO - 100: Thermostat Data is starting
2015-07-22 21:31:04,203 - ThermoData - INFO - 101: Configuration is complete
2015-07-22 21:48:16,239 - ThermoData - INFO - 100: Thermostat Data is starting
2015-07-22 21:48:49,341 - ThermoData - INFO - 100: Thermostat Data is starting
2015-07-22 21:48:49,779 - ThermoData - INFO - 101: Configuration is complete
2015-07-22 21:51:12,307 - ThermoData - INFO - 100: Thermostat Data is starting
2015-07-22 21:51:12,774 - ThermoData - INFO - 101: Configuration is complete
2015-07-22 21:52:05,779 - ThermoData - INFO - 100: Thermostat Data is starting
2015-07-22 21:52:06,514 - ThermoData - INFO - 101: Configuration is complete
2015-07-22 22:07:23,017 - ThermoData - INFO - 100: Thermostat Data is starting
2015-07-22 22:07:23,230 - ThermoData - INFO - 100: Thermostat Data is starting
2015-07-22 22:07:24,948 - ThermoData - INFO - 101: Configuration is complete
2015-07-22 22:07:24,956 - ThermoData - INFO - 101: Configuration is complete
2015-07-22 23:22:03,814 - ThermoData - INFO - 100: Thermostat Data is starting
2015-07-22 23:22:03,829 - ThermoData - INFO - 100: Thermostat Data is starting
2015-07-22 23:22:05,571 - ThermoData - INFO - 101: Configuration is complete
2015-07-22 23:22:05,615 - ThermoData - INFO - 101: Configuration is complete
2015-07-22 23:34:19,944 - ThermoData - INFO - 100: Thermostat Data is starting
2015-07-22 23:34:20,076 - ThermoData - INFO - 100: Thermostat Data is starting
2015-07-22 23:34:21,731 - ThermoData - INFO - 101: Configuration is complete
2015-07-22 23:34:21,722 - ThermoData - INFO - 101: Configuration is complete
2015-07-22 23:35:53,777 - ThermoData - INFO - 100: Thermostat Data is starting
2015-07-22 23:35:53,879 - ThermoData - INFO - 100: Thermostat Data is starting
2015-07-22 23:35:55,549 - ThermoData - INFO - 101: Configuration is complete
2015-07-22 23:35:55,565 - ThermoData - INFO - 101: Configuration is complete
2015-07-22 23:37:42,547 - ThermoData - INFO - 100: Thermostat Data is starting
2015-07-22 23:37:42,636 - ThermoData - INFO - 100: Thermostat Data is starting
2015-07-22 23:37:44,272 - ThermoData - INFO - 101: Configuration is complete
2015-07-22 23:37:44,315 - ThermoData - INFO - 101: Configuration is complete
2015-07-22 23:40:06,451 - ThermoData - INFO - 100: Thermostat Data is starting
2015-07-22 23:40:06,546 - ThermoData - INFO - 100: Thermostat Data is starting
2015-07-22 23:40:08,248 - ThermoData - INFO - 101: Configuration is complete
2015-07-22 23:40:08,257 - ThermoData - INFO - 101: Configuration is complete
2015-07-22 23:42:32,525 - ThermoData - INFO - 100: Thermostat Data is starting
2015-07-22 23:42:32,528 - ThermoData - INFO - 100: Thermostat Data is starting
2015-07-22 23:42:34,187 - ThermoData - INFO - 101: Configuration is complete
2015-07-22 23:42:34,199 - ThermoData - INFO - 101: Configuration is complete
2015-07-22 23:45:09,965 - ThermoData - INFO - 100: Thermostat Data is starting
2015-07-22 23:45:09,968 - ThermoData - INFO - 100: Thermostat Data is starting
2015-07-22 23:45:11,692 - ThermoData - INFO - 101: Configuration is complete
2015-07-22 23:45:11,718 - ThermoData - INFO - 101: Configuration is complete
2015-07-23 00:01:08,373 - ThermoData - INFO - 100: Thermostat Data is starting
2015-07-23 00:01:08,746 - ThermoData - INFO - 101: Configuration is complete
2015-07-23 04:01:07,481 - ThermoData - INFO - 100: Thermostat Data is starting
2015-07-23 04:01:08,180 - ThermoData - INFO - 101: Configuration is complete
2015-07-23 08:01:08,133 - ThermoData - INFO - 100: Thermostat Data is starting
2015-07-23 08:01:08,812 - ThermoData - INFO - 101: Configuration is complete
2015-07-23 12:01:08,198 - ThermoData - INFO - 100: Thermostat Data is starting
2015-07-23 12:01:08,569 - ThermoData - INFO - 101: Configuration is complete
2015-07-23 16:01:07,625 - ThermoData - INFO - 100: Thermostat Data is starting
2015-07-23 16:01:07,989 - ThermoData - INFO - 101: Configuration is complete
2015-07-23 20:01:08,295 - ThermoData - INFO - 100: Thermostat Data is starting
2015-07-23 20:01:08,666 - ThermoData - INFO - 101: Configuration is complete
2015-07-24 00:01:08,124 - ThermoData - INFO - 100: Thermostat Data is starting
2015-07-24 00:01:08,610 - ThermoData - INFO - 101: Configuration is complete
2015-07-24 04:01:07,689 - ThermoData - INFO - 100: Thermostat Data is starting
2015-07-24 04:01:08,094 - ThermoData - INFO - 101: Configuration is complete
2015-07-24 08:01:08,470 - ThermoData - INFO - 100: Thermostat Data is starting
2015-07-24 08:01:09,167 - ThermoData - INFO - 101: Configuration is complete
2015-07-24 12:01:07,816 - ThermoData - INFO - 100: Thermostat Data is starting
2015-07-24 12:01:08,252 - ThermoData - INFO - 101: Configuration is complete
2015-07-24 16:01:08,540 - ThermoData - INFO - 100: Thermostat Data is starting
2015-07-24 16:01:08,909 - ThermoData - INFO - 101: Configuration is complete
2015-07-24 20:01:07,911 - ThermoData - INFO - 100: Thermostat Data is starting
2015-07-24 20:01:08,518 - ThermoData - INFO - 101: Configuration is complete
2015-07-24 22:05:19,992 - ThermoData - INFO - 100: Thermostat Data is starting
2015-07-24 22:05:20,082 - ThermoData - INFO - 100: Thermostat Data is starting
2015-07-24 22:05:21,755 - ThermoData - INFO - 101: Configuration is complete
2015-07-24 22:05:21,763 - ThermoData - INFO - 101: Configuration is complete
2015-07-25 00:01:07,907 - ThermoData - INFO - 100: Thermostat Data is starting
2015-07-25 00:01:08,286 - ThermoData - INFO - 101: Configuration is complete
2015-07-25 04:01:07,741 - ThermoData - INFO - 100: Thermostat Data is starting
2015-07-25 04:01:08,117 - ThermoData - INFO - 101: Configuration is complete
2015-07-25 08:01:07,379 - ThermoData - INFO - 100: Thermostat Data is starting
2015-07-25 08:01:07,747 - ThermoData - INFO - 101: Configuration is complete
2015-07-25 12:01:07,908 - ThermoData - INFO - 100: Thermostat Data is starting
2015-07-25 12:01:08,275 - ThermoData - INFO - 101: Configuration is complete
2015-07-25 16:01:07,619 - ThermoData - INFO - 100: Thermostat Data is starting
2015-07-25 16:01:07,988 - ThermoData - INFO - 101: Configuration is complete
2015-07-25 20:01:08,251 - ThermoData - INFO - 100: Thermostat Data is starting
2015-07-25 20:01:08,665 - ThermoData - INFO - 101: Configuration is complete
2015-07-26 00:01:07,859 - ThermoData - INFO - 100: Thermostat Data is starting
2015-07-26 00:01:08,304 - ThermoData - INFO - 101: Configuration is complete
2015-07-26 04:01:07,535 - ThermoData - INFO - 100: Thermostat Data is starting
2015-07-26 04:01:08,332 - ThermoData - INFO - 101: Configuration is complete
2015-07-26 08:01:07,523 - ThermoData - INFO - 100: Thermostat Data is starting
2015-07-26 08:01:07,893 - ThermoData - INFO - 101: Configuration is complete
2015-07-26 12:01:07,810 - ThermoData - INFO - 100: Thermostat Data is starting
2015-07-26 12:01:08,189 - ThermoData - INFO - 101: Configuration is complete
2015-07-26 16:01:07,481 - ThermoData - INFO - 100: Thermostat Data is starting
2015-07-26 16:01:07,862 - ThermoData - INFO - 101: Configuration is complete
2015-07-26 20:01:08,120 - ThermoData - INFO - 100: Thermostat Data is starting
2015-07-26 20:01:08,611 - ThermoData - INFO - 101: Configuration is complete
2015-07-27 00:01:08,232 - ThermoData - INFO - 100: Thermostat Data is starting
2015-07-27 00:01:08,667 - ThermoData - INFO - 101: Configuration is complete
2015-07-27 04:01:08,068 - ThermoData - INFO - 100: Thermostat Data is starting
2015-07-27 04:01:08,665 - ThermoData - INFO - 101: Configuration is complete
2015-07-27 08:01:07,596 - ThermoData - INFO - 100: Thermostat Data is starting
2015-07-27 08:01:07,968 - ThermoData - INFO - 101: Configuration is complete
2015-07-27 12:01:08,420 - ThermoData - INFO - 100: Thermostat Data is starting
2015-07-27 12:01:09,029 - ThermoData - INFO - 101: Configuration is complete
2015-07-27 16:01:27,768 - ThermoData - INFO - 100: Thermostat Data is starting
2015-07-27 16:01:29,234 - ThermoData - INFO - 101: Configuration is complete
2015-07-27 20:02:54,522 - ThermoData - INFO - 100: Thermostat Data is starting
2015-07-27 20:02:58,479 - ThermoData - INFO - 101: Configuration is complete
2015-07-27 22:12:31,861 - ThermoData - INFO - 100: Thermostat Data is starting
2015-07-27 22:12:31,952 - ThermoData - INFO - 100: Thermostat Data is starting
2015-07-27 22:12:33,596 - ThermoData - INFO - 101: Configuration is complete
2015-07-27 22:12:33,614 - ThermoData - INFO - 101: Configuration is complete
2015-07-27 22:13:58,932 - ThermoData - INFO - 100: Thermostat Data is starting
2015-07-27 22:13:58,985 - ThermoData - INFO - 100: Thermostat Data is starting
2015-07-27 22:14:00,679 - ThermoData - INFO - 101: Configuration is complete
2015-07-27 22:14:00,706 - ThermoData - INFO - 101: Configuration is complete
2015-07-28 22:21:39,846 - ThermoData - INFO - 100: Thermostat Data is starting
2015-07-28 22:21:39,893 - ThermoData - INFO - 100: Thermostat Data is starting
2015-07-28 22:21:41,607 - ThermoData - INFO - 101: Configuration is complete
2015-07-28 22:21:41,622 - ThermoData - INFO - 101: Configuration is complete
2015-07-29 00:01:07,721 - ThermoData - INFO - 100: Thermostat Data is starting
2015-07-29 00:01:08,102 - ThermoData - INFO - 101: Configuration is complete
2015-07-29 04:01:08,189 - ThermoData - INFO - 100: Thermostat Data is starting
2015-07-29 04:01:08,894 - ThermoData - INFO - 101: Configuration is complete
2015-07-29 08:01:07,661 - ThermoData - INFO - 100: Thermostat Data is starting
2015-07-29 08:01:08,035 - ThermoData - INFO - 101: Configuration is complete
2015-07-29 12:01:08,127 - ThermoData - INFO - 100: Thermostat Data is starting
2015-07-29 12:01:08,521 - ThermoData - INFO - 101: Configuration is complete
2015-07-29 16:01:07,769 - ThermoData - INFO - 100: Thermostat Data is starting
2015-07-29 16:01:08,437 - ThermoData - INFO - 101: Configuration is complete
2015-07-29 20:01:07,689 - ThermoData - INFO - 100: Thermostat Data is starting
2015-07-29 20:01:08,065 - ThermoData - INFO - 101: Configuration is complete
2015-07-30 00:01:07,953 - ThermoData - INFO - 100: Thermostat Data is starting
2015-07-30 00:01:08,637 - ThermoData - INFO - 101: Configuration is complete
2015-07-30 04:01:07,919 - ThermoData - INFO - 100: Thermostat Data is starting
2015-07-30 04:01:08,292 - ThermoData - INFO - 101: Configuration is complete
2015-07-30 08:01:08,078 - ThermoData - INFO - 100: Thermostat Data is starting
2015-07-30 08:01:08,450 - ThermoData - INFO - 101: Configuration is complete
2015-07-30 12:01:08,022 - ThermoData - INFO - 100: Thermostat Data is starting
2015-07-30 12:01:08,435 - ThermoData - INFO - 101: Configuration is complete
2015-07-30 16:01:07,484 - ThermoData - INFO - 100: Thermostat Data is starting
2015-07-30 16:01:07,978 - ThermoData - INFO - 101: Configuration is complete
2015-07-30 20:01:08,695 - ThermoData - INFO - 100: Thermostat Data is starting
2015-07-30 20:01:09,059 - ThermoData - INFO - 101: Configuration is complete
2015-07-30 20:58:43,027 - ThermoData - INFO - 100: Thermostat Data is starting
2015-07-30 20:58:43,738 - ThermoData - INFO - 101: Configuration is complete
2015-07-30 21:00:24,508 - ThermoData - INFO - 100: Thermostat Data is starting
2015-07-30 21:00:24,915 - ThermoData - INFO - 101: Configuration is complete
2015-07-30 21:11:54,926 - ThermoData - INFO - 100: Thermostat Data is starting
2015-07-30 21:11:55,341 - ThermoData - INFO - 101: Configuration is complete
2015-07-30 21:13:56,632 - ThermoData - INFO - 100: Thermostat Data is starting
2015-07-30 21:13:57,031 - ThermoData - INFO - 101: Configuration is complete
2015-07-30 21:53:31,636 - ThermoData - INFO - 100: Thermostat Data is starting
2015-07-30 21:53:32,054 - ThermoData - INFO - 101: Configuration is complete
2015-07-30 22:01:08,275 - ThermoData - INFO - 100: Thermostat Data is starting
2015-07-30 22:01:08,656 - ThermoData - INFO - 101: Configuration is complete
2015-07-31 00:01:07,661 - ThermoData - INFO - 100: Thermostat Data is starting
2015-07-31 00:01:08,278 - ThermoData - INFO - 101: Configuration is complete
2015-07-31 02:01:07,732 - ThermoData - INFO - 100: Thermostat Data is starting
2015-07-31 02:01:08,176 - ThermoData - INFO - 101: Configuration is complete
2015-07-31 04:01:08,350 - ThermoData - INFO - 100: Thermostat Data is starting
2015-07-31 04:01:08,776 - ThermoData - INFO - 101: Configuration is complete
2015-07-31 06:01:07,931 - ThermoData - INFO - 100: Thermostat Data is starting
2015-07-31 06:01:08,355 - ThermoData - INFO - 101: Configuration is complete
2015-07-31 08:01:07,744 - ThermoData - INFO - 100: Thermostat Data is starting
2015-07-31 08:01:08,209 - ThermoData - INFO - 101: Configuration is complete
2015-07-31 10:01:08,293 - ThermoData - INFO - 100: Thermostat Data is starting
2015-07-31 10:01:08,666 - ThermoData - INFO - 101: Configuration is complete
2015-07-31 12:01:07,502 - ThermoData - INFO - 100: Thermostat Data is starting
2015-07-31 12:01:07,891 - ThermoData - INFO - 101: Configuration is complete
2015-07-31 14:01:07,792 - ThermoData - INFO - 100: Thermostat Data is starting
2015-07-31 14:01:08,524 - ThermoData - INFO - 101: Configuration is complete
2015-07-31 16:01:07,484 - ThermoData - INFO - 100: Thermostat Data is starting
2015-07-31 16:01:08,152 - ThermoData - INFO - 101: Configuration is complete
2015-07-31 18:01:07,772 - ThermoData - INFO - 100: Thermostat Data is starting
2015-07-31 18:01:08,157 - ThermoData - INFO - 101: Configuration is complete
2015-07-31 20:01:07,877 - ThermoData - INFO - 100: Thermostat Data is starting
2015-07-31 20:01:08,431 - ThermoData - INFO - 101: Configuration is complete
2015-07-31 22:01:07,824 - ThermoData - INFO - 100: Thermostat Data is starting
2015-07-31 22:01:08,377 - ThermoData - INFO - 101: Configuration is complete
2015-07-31 22:20:25,862 - ThermoData - INFO - 100: Thermostat Data is starting
2015-07-31 22:20:26,273 - ThermoData - INFO - 101: Configuration is complete
2015-08-01 00:01:06,353 - ThermoData - INFO - 100: Thermostat Data is starting
2015-08-01 00:01:06,736 - ThermoData - INFO - 101: Configuration is complete
2015-08-01 02:01:05,968 - ThermoData - INFO - 100: Thermostat Data is starting
2015-08-01 02:01:06,346 - ThermoData - INFO - 101: Configuration is complete
2015-08-01 04:01:06,923 - ThermoData - INFO - 100: Thermostat Data is starting
2015-08-01 04:01:07,297 - ThermoData - INFO - 101: Configuration is complete
2015-08-01 06:01:06,647 - ThermoData - INFO - 100: Thermostat Data is starting
2015-08-01 06:01:07,022 - ThermoData - INFO - 101: Configuration is complete
2015-08-01 08:01:06,489 - ThermoData - INFO - 100: Thermostat Data is starting
2015-08-01 08:01:06,861 - ThermoData - INFO - 101: Configuration is complete
2015-08-01 10:01:06,779 - ThermoData - INFO - 100: Thermostat Data is starting
2015-08-01 10:01:07,160 - ThermoData - INFO - 101: Configuration is complete
2015-08-01 12:01:07,008 - ThermoData - INFO - 100: Thermostat Data is starting
2015-08-01 12:01:07,444 - ThermoData - INFO - 101: Configuration is complete
2015-08-01 14:01:06,805 - ThermoData - INFO - 100: Thermostat Data is starting
2015-08-01 14:01:07,194 - ThermoData - INFO - 101: Configuration is complete
2015-08-01 16:01:06,542 - ThermoData - INFO - 100: Thermostat Data is starting
2015-08-01 16:01:06,917 - ThermoData - INFO - 101: Configuration is complete
2015-08-01 18:01:06,887 - ThermoData - INFO - 100: Thermostat Data is starting
2015-08-01 18:01:07,349 - ThermoData - INFO - 101: Configuration is complete
2015-08-01 20:01:06,681 - ThermoData - INFO - 100: Thermostat Data is starting
2015-08-01 20:01:07,055 - ThermoData - INFO - 101: Configuration is complete
2015-08-01 21:32:03,153 - ThermoData - INFO - 100: Thermostat Data is starting
2015-08-01 21:32:03,238 - ThermoData - INFO - 100: Thermostat Data is starting
2015-08-01 21:32:04,876 - ThermoData - INFO - 101: Configuration is complete
2015-08-01 21:32:04,913 - ThermoData - INFO - 101: Configuration is complete
2015-08-01 22:01:07,808 - ThermoData - INFO - 100: Thermostat Data is starting
2015-08-01 22:01:08,367 - ThermoData - INFO - 101: Configuration is complete
2015-08-02 00:01:08,108 - ThermoData - INFO - 100: Thermostat Data is starting
2015-08-02 00:01:08,704 - ThermoData - INFO - 101: Configuration is complete
2015-08-02 02:01:07,469 - ThermoData - INFO - 100: Thermostat Data is starting
2015-08-02 02:01:07,839 - ThermoData - INFO - 101: Configuration is complete
2015-08-02 04:01:07,722 - ThermoData - INFO - 100: Thermostat Data is starting
2015-08-02 04:01:08,184 - ThermoData - INFO - 101: Configuration is complete
2015-08-02 06:01:08,047 - ThermoData - INFO - 100: Thermostat Data is starting
2015-08-02 06:01:08,428 - ThermoData - INFO - 101: Configuration is complete
2015-08-02 08:01:07,283 - ThermoData - INFO - 100: Thermostat Data is starting
2015-08-02 08:01:07,656 - ThermoData - INFO - 101: Configuration is complete
2015-08-02 10:01:07,475 - ThermoData - INFO - 100: Thermostat Data is starting
2015-08-02 10:01:07,851 - ThermoData - INFO - 101: Configuration is complete
2015-08-02 12:01:07,474 - ThermoData - INFO - 100: Thermostat Data is starting
2015-08-02 12:01:08,143 - ThermoData - INFO - 101: Configuration is complete
2015-08-02 14:01:08,132 - ThermoData - INFO - 100: Thermostat Data is starting
2015-08-02 14:01:08,509 - ThermoData - INFO - 101: Configuration is complete
2015-08-02 16:01:07,428 - ThermoData - INFO - 100: Thermostat Data is starting
2015-08-02 16:01:07,991 - ThermoData - INFO - 101: Configuration is complete
2015-08-02 18:01:07,652 - ThermoData - INFO - 100: Thermostat Data is starting
2015-08-02 18:01:08,054 - ThermoData - INFO - 101: Configuration is complete
2015-08-02 20:01:07,458 - ThermoData - INFO - 100: Thermostat Data is starting
2015-08-02 20:01:07,851 - ThermoData - INFO - 101: Configuration is complete
2015-08-02 22:01:07,933 - ThermoData - INFO - 100: Thermostat Data is starting
2015-08-02 22:01:08,313 - ThermoData - INFO - 101: Configuration is complete
2015-08-02 22:07:06,006 - ThermoData - INFO - 100: Thermostat Data is starting
2015-08-02 22:07:06,380 - ThermoData - INFO - 101: Configuration is complete
2015-08-02 22:11:04,933 - ThermoData - INFO - 100: Thermostat Data is starting
2015-08-02 22:11:05,316 - ThermoData - INFO - 101: Configuration is complete
2015-08-03 00:01:08,298 - ThermoData - INFO - 100: Thermostat Data is starting
2015-08-03 00:01:08,666 - ThermoData - INFO - 101: Configuration is complete
2015-08-03 02:01:07,611 - ThermoData - INFO - 100: Thermostat Data is starting
2015-08-03 02:01:07,982 - ThermoData - INFO - 101: Configuration is complete
2015-08-03 04:01:07,718 - ThermoData - INFO - 100: Thermostat Data is starting
2015-08-03 04:01:08,099 - ThermoData - INFO - 101: Configuration is complete
2015-08-03 06:01:08,206 - ThermoData - INFO - 100: Thermostat Data is starting
2015-08-03 06:01:08,587 - ThermoData - INFO - 101: Configuration is complete
2015-08-03 08:01:08,351 - ThermoData - INFO - 100: Thermostat Data is starting
2015-08-03 08:01:09,049 - ThermoData - INFO - 101: Configuration is complete
2015-08-03 10:01:08,486 - ThermoData - INFO - 100: Thermostat Data is starting
2015-08-03 10:01:08,858 - ThermoData - INFO - 101: Configuration is complete
2015-08-03 11:48:08,388 - ThermoData - INFO - 100: Thermostat Data is starting
2015-08-03 11:48:08,418 - ThermoData - INFO - 100: Thermostat Data is starting
2015-08-03 11:48:10,317 - ThermoData - INFO - 101: Configuration is complete
2015-08-03 11:48:10,332 - ThermoData - INFO - 101: Configuration is complete
2015-08-03 12:01:07,311 - ThermoData - INFO - 100: Thermostat Data is starting
2015-08-03 12:01:07,686 - ThermoData - INFO - 101: Configuration is complete
2015-08-03 13:04:47,766 - ThermoData - INFO - 100: Thermostat Data is starting
2015-08-03 13:04:47,835 - ThermoData - INFO - 100: Thermostat Data is starting
2015-08-03 13:04:49,596 - ThermoData - INFO - 101: Configuration is complete
2015-08-03 13:04:49,610 - ThermoData - INFO - 101: Configuration is complete
2015-08-03 13:16:13,801 - ThermoData - INFO - 100: Thermostat Data is starting
2015-08-03 13:16:13,878 - ThermoData - INFO - 100: Thermostat Data is starting
2015-08-03 13:16:15,636 - ThermoData - INFO - 101: Configuration is complete
2015-08-03 13:16:15,641 - ThermoData - INFO - 101: Configuration is complete
2015-08-03 13:38:19,718 - ThermoData - INFO - 100: Thermostat Data is starting
2015-08-03 13:38:19,785 - ThermoData - INFO - 100: Thermostat Data is starting
2015-08-03 13:38:21,661 - ThermoData - INFO - 101: Configuration is complete
2015-08-03 13:38:21,680 - ThermoData - INFO - 101: Configuration is complete
2015-08-03 13:56:31,190 - ThermoData - INFO - 100: Thermostat Data is starting
2015-08-03 13:56:31,321 - ThermoData - INFO - 100: Thermostat Data is starting
2015-08-03 13:56:33,054 - ThermoData - INFO - 101: Configuration is complete
2015-08-03 13:56:33,074 - ThermoData - INFO - 101: Configuration is complete
2015-08-03 14:01:09,540 - ThermoData - INFO - 100: Thermostat Data is starting
2015-08-03 14:01:10,153 - ThermoData - INFO - 101: Configuration is complete
2015-08-03 14:19:00,938 - ThermoData - INFO - 100: Thermostat Data is starting
2015-08-03 14:19:01,060 - ThermoData - INFO - 100: Thermostat Data is starting
2015-08-03 14:19:02,794 - ThermoData - INFO - 101: Configuration is complete
2015-08-03 14:19:02,820 - ThermoData - INFO - 101: Configuration is complete
2015-08-03 14:31:43,832 - ThermoData - INFO - 100: Thermostat Data is starting
2015-08-03 14:31:43,889 - ThermoData - INFO - 100: Thermostat Data is starting
2015-08-03 14:31:45,635 - ThermoData - INFO - 101: Configuration is complete
2015-08-03 14:31:45,641 - ThermoData - INFO - 101: Configuration is complete
2015-08-03 14:38:31,035 - ThermoData - INFO - 100: Thermostat Data is starting
2015-08-03 14:38:31,123 - ThermoData - INFO - 100: Thermostat Data is starting
2015-08-03 14:38:32,862 - ThermoData - INFO - 101: Configuration is complete
2015-08-03 14:38:32,868 - ThermoData - INFO - 101: Configuration is complete
2015-08-03 15:46:17,545 - ThermoData - INFO - 100: Thermostat Data is starting
2015-08-03 15:46:17,654 - ThermoData - INFO - 100: Thermostat Data is starting
2015-08-03 15:46:19,328 - ThermoData - INFO - 101: Configuration is complete
2015-08-03 15:46:19,342 - ThermoData - INFO - 101: Configuration is complete
2015-08-03 15:46:20,267 - ThermoData - INFO - 100: Thermostat Data is starting
2015-08-03 15:46:20,336 - ThermoData - INFO - 100: Thermostat Data is starting
2015-08-03 15:46:22,067 - ThermoData - INFO - 101: Configuration is complete
2015-08-03 15:46:22,082 - ThermoData - INFO - 101: Configuration is complete
2015-08-03 18:01:07,931 - ThermoData - INFO - 100: Thermostat Data is starting
2015-08-03 18:01:08,533 - ThermoData - INFO - 101: Configuration is complete
2015-08-03 20:01:07,876 - ThermoData - INFO - 100: Thermostat Data is starting
2015-08-03 20:01:08,261 - ThermoData - INFO - 101: Configuration is complete
2015-08-03 22:01:07,780 - ThermoData - INFO - 100: Thermostat Data is starting
2015-08-03 22:01:08,176 - ThermoData - INFO - 101: Configuration is complete
2015-08-04 00:01:08,503 - ThermoData - INFO - 100: Thermostat Data is starting
2015-08-04 00:01:08,992 - ThermoData - INFO - 101: Configuration is complete
2015-08-04 02:01:08,509 - ThermoData - INFO - 100: Thermostat Data is starting
2015-08-04 02:01:08,902 - ThermoData - INFO - 101: Configuration is complete
2015-08-04 04:01:07,927 - ThermoData - INFO - 100: Thermostat Data is starting
2015-08-04 04:01:08,305 - ThermoData - INFO - 101: Configuration is complete
2015-08-04 06:01:08,320 - ThermoData - INFO - 100: Thermostat Data is starting
2015-08-04 06:01:08,971 - ThermoData - INFO - 101: Configuration is complete
2015-08-04 08:01:07,812 - ThermoData - INFO - 100: Thermostat Data is starting
2015-08-04 08:01:08,206 - ThermoData - INFO - 101: Configuration is complete
2015-08-04 10:01:07,860 - ThermoData - INFO - 100: Thermostat Data is starting
2015-08-04 10:01:08,330 - ThermoData - INFO - 101: Configuration is complete
2015-08-04 12:01:08,526 - ThermoData - INFO - 100: Thermostat Data is starting
2015-08-04 12:01:08,923 - ThermoData - INFO - 101: Configuration is complete
2015-08-04 14:01:08,011 - ThermoData - INFO - 100: Thermostat Data is starting
2015-08-04 14:01:08,495 - ThermoData - INFO - 101: Configuration is complete
2015-08-04 16:01:08,621 - ThermoData - INFO - 100: Thermostat Data is starting
2015-08-04 16:01:09,004 - ThermoData - INFO - 101: Configuration is complete
2015-08-04 18:01:08,818 - ThermoData - INFO - 100: Thermostat Data is starting
2015-08-04 18:01:09,260 - ThermoData - INFO - 101: Configuration is complete
2015-08-04 20:01:08,184 - ThermoData - INFO - 100: Thermostat Data is starting
2015-08-04 20:01:08,584 - ThermoData - INFO - 101: Configuration is complete
2015-08-04 21:45:00,659 - ThermoData - INFO - 100: Thermostat Data is starting
2015-08-04 21:45:00,734 - ThermoData - INFO - 100: Thermostat Data is starting
2015-08-04 21:45:02,532 - ThermoData - INFO - 101: Configuration is complete
2015-08-04 21:45:02,569 - ThermoData - INFO - 101: Configuration is complete
2015-08-04 22:01:08,493 - ThermoData - INFO - 100: Thermostat Data is starting
2015-08-04 22:01:08,878 - ThermoData - INFO - 101: Configuration is complete
2015-08-04 21:44:58,245 - ThermoData - INFO - 100: Thermostat Data is starting
2015-08-04 21:44:58,298 - ThermoData - INFO - 100: Thermostat Data is starting
2015-08-04 21:45:00,841 - ThermoData - INFO - 101: Configuration is complete
2015-08-04 21:45:00,840 - ThermoData - INFO - 101: Configuration is complete
2015-08-04 22:01:10,372 - ThermoData - INFO - 100: Thermostat Data is starting
2015-08-04 22:01:11,167 - ThermoData - INFO - 101: Configuration is complete
2015-08-04 22:38:46,845 - ThermoData - INFO - 100: Thermostat Data is starting
2015-08-04 22:38:46,916 - ThermoData - INFO - 100: Thermostat Data is starting
2015-08-04 22:38:51,536 - ThermoData - INFO - 101: Configuration is complete
2015-08-04 22:38:51,551 - ThermoData - INFO - 101: Configuration is complete
2015-08-04 22:50:24,204 - ThermoData - INFO - 100: Thermostat Data is starting
2015-08-04 22:50:24,928 - ThermoData - INFO - 101: Configuration is complete
2015-08-04 23:03:29,155 - ThermoData - INFO - 100: Thermostat Data is starting
2015-08-04 23:03:29,147 - ThermoData - INFO - 100: Thermostat Data is starting
2015-08-04 23:03:30,976 - ThermoData - INFO - 101: Configuration is complete
2015-08-04 23:03:30,962 - ThermoData - INFO - 101: Configuration is complete
2015-08-04 23:05:35,031 - ThermoData - INFO - 100: Thermostat Data is starting
2015-08-04 23:05:35,454 - ThermoData - INFO - 101: Configuration is complete
2015-08-04 23:18:45,245 - ThermoData - INFO - 100: Thermostat Data is starting
2015-08-04 23:18:45,688 - ThermoData - INFO - 101: Configuration is complete
2015-08-04 23:46:11,387 - ThermoData - INFO - 100: Thermostat Data is starting
2015-08-04 23:46:11,762 - ThermoData - INFO - 101: Configuration is complete
2015-08-04 23:46:55,100 - ThermoData - INFO - 100: Thermostat Data is starting
2015-08-04 23:46:55,483 - ThermoData - INFO - 101: Configuration is complete
2015-08-05 00:01:09,414 - ThermoData - INFO - 100: Thermostat Data is starting
2015-08-05 00:01:10,183 - ThermoData - INFO - 101: Configuration is complete
2015-08-05 00:14:02,736 - ThermoData - INFO - 100: Thermostat Data is starting
2015-08-05 00:14:03,292 - ThermoData - INFO - 101: Configuration is complete
2015-08-05 00:21:10,887 - ThermoData - INFO - 100: Thermostat Data is starting
2015-08-05 00:21:10,906 - ThermoData - INFO - 100: Thermostat Data is starting
2015-08-05 00:21:12,712 - ThermoData - INFO - 101: Configuration is complete
2015-08-05 00:21:12,703 - ThermoData - INFO - 101: Configuration is complete
2015-08-05 02:01:08,054 - ThermoData - INFO - 100: Thermostat Data is starting
2015-08-05 02:01:08,449 - ThermoData - INFO - 101: Configuration is complete
2015-08-05 04:01:07,881 - ThermoData - INFO - 100: Thermostat Data is starting
2015-08-05 04:01:08,420 - ThermoData - INFO - 101: Configuration is complete
2015-08-05 06:01:08,484 - ThermoData - INFO - 100: Thermostat Data is starting
2015-08-05 06:01:08,865 - ThermoData - INFO - 101: Configuration is complete
2015-08-05 08:01:07,332 - ThermoData - INFO - 100: Thermostat Data is starting
2015-08-05 08:01:07,931 - ThermoData - INFO - 101: Configuration is complete
2015-08-05 10:01:08,175 - ThermoData - INFO - 100: Thermostat Data is starting
2015-08-05 10:01:08,831 - ThermoData - INFO - 101: Configuration is complete
2015-08-05 12:01:07,854 - ThermoData - INFO - 100: Thermostat Data is starting
2015-08-05 12:01:08,482 - ThermoData - INFO - 101: Configuration is complete
2015-08-05 14:01:07,776 - ThermoData - INFO - 100: Thermostat Data is starting
2015-08-05 14:01:08,197 - ThermoData - INFO - 101: Configuration is complete
2015-08-05 16:01:08,337 - ThermoData - INFO - 100: Thermostat Data is starting
2015-08-05 16:01:08,786 - ThermoData - INFO - 101: Configuration is complete
2015-08-05 18:01:08,243 - ThermoData - INFO - 100: Thermostat Data is starting
2015-08-05 18:01:08,710 - ThermoData - INFO - 101: Configuration is complete
2015-08-05 20:01:08,253 - ThermoData - INFO - 100: Thermostat Data is starting
2015-08-05 20:01:08,836 - ThermoData - INFO - 101: Configuration is complete
2015-08-05 22:01:07,875 - ThermoData - INFO - 100: Thermostat Data is starting
2015-08-05 22:01:08,262 - ThermoData - INFO - 101: Configuration is complete
2015-08-06 00:01:08,465 - ThermoData - INFO - 100: Thermostat Data is starting
2015-08-06 00:01:08,857 - ThermoData - INFO - 101: Configuration is complete
2015-08-06 02:01:08,145 - ThermoData - INFO - 100: Thermostat Data is starting
2015-08-06 02:01:08,538 - ThermoData - INFO - 101: Configuration is complete
2015-08-06 04:01:08,700 - ThermoData - INFO - 100: Thermostat Data is starting
2015-08-06 04:01:09,106 - ThermoData - INFO - 101: Configuration is complete
2015-08-06 06:01:08,292 - ThermoData - INFO - 100: Thermostat Data is starting
2015-08-06 06:01:08,668 - ThermoData - INFO - 101: Configuration is complete
2015-08-06 08:01:08,492 - ThermoData - INFO - 100: Thermostat Data is starting
2015-08-06 08:01:08,956 - ThermoData - INFO - 101: Configuration is complete
2015-08-06 10:01:08,378 - ThermoData - INFO - 100: Thermostat Data is starting
2015-08-06 10:01:08,770 - ThermoData - INFO - 101: Configuration is complete
2015-08-06 12:01:08,013 - ThermoData - INFO - 100: Thermostat Data is starting
2015-08-06 12:01:08,414 - ThermoData - INFO - 101: Configuration is complete
2015-08-06 14:01:07,949 - ThermoData - INFO - 100: Thermostat Data is starting
2015-08-06 14:01:08,624 - ThermoData - INFO - 101: Configuration is complete
2015-08-06 16:01:07,805 - ThermoData - INFO - 100: Thermostat Data is starting
2015-08-06 16:01:08,360 - ThermoData - INFO - 101: Configuration is complete
2015-08-06 18:01:08,567 - ThermoData - INFO - 100: Thermostat Data is starting
2015-08-06 18:01:09,201 - ThermoData - INFO - 101: Configuration is complete
2015-08-06 20:01:08,845 - ThermoData - INFO - 100: Thermostat Data is starting
2015-08-06 20:01:09,540 - ThermoData - INFO - 101: Configuration is complete
2015-08-06 22:01:08,854 - ThermoData - INFO - 100: Thermostat Data is starting
2015-08-06 22:01:09,305 - ThermoData - INFO - 101: Configuration is complete
2015-08-07 00:01:08,459 - ThermoData - INFO - 100: Thermostat Data is starting
2015-08-07 00:01:08,844 - ThermoData - INFO - 101: Configuration is complete
2015-08-07 02:01:08,400 - ThermoData - INFO - 100: Thermostat Data is starting
2015-08-07 02:01:08,998 - ThermoData - INFO - 101: Configuration is complete
2015-08-07 04:01:07,919 - ThermoData - INFO - 100: Thermostat Data is starting
2015-08-07 04:01:08,596 - ThermoData - INFO - 101: Configuration is complete
2015-08-07 06:01:08,005 - ThermoData - INFO - 100: Thermostat Data is starting
2015-08-07 06:01:08,599 - ThermoData - INFO - 101: Configuration is complete
2015-08-07 08:01:08,907 - ThermoData - INFO - 100: Thermostat Data is starting
2015-08-07 08:01:09,537 - ThermoData - INFO - 101: Configuration is complete
2015-08-07 10:01:08,376 - ThermoData - INFO - 100: Thermostat Data is starting
2015-08-07 10:01:08,842 - ThermoData - INFO - 101: Configuration is complete
2015-08-07 12:01:10,508 - ThermoData - INFO - 100: Thermostat Data is starting
2015-08-07 12:01:11,481 - ThermoData - INFO - 101: Configuration is complete
2015-08-07 14:01:58,174 - ThermoData - INFO - 100: Thermostat Data is starting
2015-08-07 14:02:01,022 - ThermoData - INFO - 101: Configuration is complete
2015-08-07 16:02:00,697 - ThermoData - INFO - 100: Thermostat Data is starting
2015-08-07 16:02:04,103 - ThermoData - INFO - 101: Configuration is complete
2015-08-07 18:02:26,586 - ThermoData - INFO - 100: Thermostat Data is starting
2015-08-07 18:02:29,398 - ThermoData - INFO - 101: Configuration is complete
2015-08-07 20:02:49,816 - ThermoData - INFO - 100: Thermostat Data is starting
2015-08-07 20:02:54,059 - ThermoData - INFO - 101: Configuration is complete
2015-08-07 22:02:39,894 - ThermoData - INFO - 100: Thermostat Data is starting
2015-08-07 22:02:44,153 - ThermoData - INFO - 101: Configuration is complete
2015-08-08 00:02:21,620 - ThermoData - INFO - 100: Thermostat Data is starting
2015-08-08 00:02:24,516 - ThermoData - INFO - 101: Configuration is complete
2015-08-08 02:04:05,881 - ThermoData - INFO - 100: Thermostat Data is starting
2015-08-08 02:04:11,245 - ThermoData - INFO - 101: Configuration is complete
2015-08-08 04:03:08,143 - ThermoData - INFO - 100: Thermostat Data is starting
2015-08-08 04:03:11,419 - ThermoData - INFO - 101: Configuration is complete
2015-08-08 06:02:40,421 - ThermoData - INFO - 100: Thermostat Data is starting
2015-08-08 06:02:44,988 - ThermoData - INFO - 101: Configuration is complete
2015-08-08 08:03:08,982 - ThermoData - INFO - 100: Thermostat Data is starting
2015-08-08 08:03:12,613 - ThermoData - INFO - 101: Configuration is complete
2015-08-08 08:19:50,580 - ThermoData - INFO - 100: Thermostat Data is starting
2015-08-08 08:19:50,607 - ThermoData - INFO - 100: Thermostat Data is starting
2015-08-08 08:19:52,356 - ThermoData - INFO - 101: Configuration is complete
2015-08-08 08:19:52,375 - ThermoData - INFO - 101: Configuration is complete
2015-08-08 10:01:07,562 - ThermoData - INFO - 100: Thermostat Data is starting
2015-08-08 10:01:08,113 - ThermoData - INFO - 101: Configuration is complete
2015-08-08 12:01:08,582 - ThermoData - INFO - 100: Thermostat Data is starting
2015-08-08 12:01:08,968 - ThermoData - INFO - 101: Configuration is complete
2015-08-08 14:01:08,004 - ThermoData - INFO - 100: Thermostat Data is starting
2015-08-08 14:01:08,403 - ThermoData - INFO - 101: Configuration is complete
2015-08-08 16:01:08,018 - ThermoData - INFO - 100: Thermostat Data is starting
2015-08-08 16:01:08,730 - ThermoData - INFO - 101: Configuration is complete
2015-08-08 18:01:08,099 - ThermoData - INFO - 100: Thermostat Data is starting
2015-08-08 18:01:08,749 - ThermoData - INFO - 101: Configuration is complete
2015-08-08 20:01:07,587 - ThermoData - INFO - 100: Thermostat Data is starting
2015-08-08 20:01:08,194 - ThermoData - INFO - 101: Configuration is complete
2015-08-08 21:41:30,549 - ThermoData - INFO - 100: Thermostat Data is starting
2015-08-08 21:41:31,258 - ThermoData - INFO - 101: Configuration is complete
2015-08-08 22:01:08,262 - ThermoData - INFO - 100: Thermostat Data is starting
2015-08-08 22:01:08,675 - ThermoData - INFO - 101: Configuration is complete
2015-08-08 22:15:13,659 - ThermoData - INFO - 100: Thermostat Data is starting
2015-08-08 22:15:14,146 - ThermoData - INFO - 101: Configuration is complete
2015-08-08 22:18:27,658 - ThermoData - INFO - 100: Thermostat Data is starting
2015-08-08 22:18:28,405 - ThermoData - INFO - 101: Configuration is complete
2015-08-09 00:01:07,572 - ThermoData - INFO - 100: Thermostat Data is starting
2015-08-09 00:01:08,284 - ThermoData - INFO - 101: Configuration is complete
2015-08-09 00:03:22,742 - ThermoData - INFO - 100: Thermostat Data is starting
2015-08-09 00:03:23,162 - ThermoData - INFO - 101: Configuration is complete
2015-08-09 00:47:16,553 - ThermoData - INFO - 100: Thermostat Data is starting
2015-08-09 00:47:16,556 - ThermoData - INFO - 100: Thermostat Data is starting
2015-08-09 00:47:18,345 - ThermoData - INFO - 101: Configuration is complete
2015-08-09 00:47:18,353 - ThermoData - INFO - 101: Configuration is complete
2015-08-09 02:01:07,797 - ThermoData - INFO - 100: Thermostat Data is starting
2015-08-09 02:01:08,400 - ThermoData - INFO - 101: Configuration is complete
2015-08-09 04:01:08,090 - ThermoData - INFO - 100: Thermostat Data is starting
2015-08-09 04:01:08,471 - ThermoData - INFO - 101: Configuration is complete
2015-08-09 06:01:08,364 - ThermoData - INFO - 100: Thermostat Data is starting
2015-08-09 06:01:08,817 - ThermoData - INFO - 101: Configuration is complete
2015-08-09 08:01:08,635 - ThermoData - INFO - 100: Thermostat Data is starting
2015-08-09 08:01:09,020 - ThermoData - INFO - 101: Configuration is complete
2015-08-09 10:01:08,142 - ThermoData - INFO - 100: Thermostat Data is starting
2015-08-09 10:01:08,767 - ThermoData - INFO - 101: Configuration is complete
2015-08-09 12:01:07,930 - ThermoData - INFO - 100: Thermostat Data is starting
2015-08-09 12:01:08,567 - ThermoData - INFO - 101: Configuration is complete
2015-08-09 14:01:07,830 - ThermoData - INFO - 100: Thermostat Data is starting
2015-08-09 14:01:08,212 - ThermoData - INFO - 101: Configuration is complete
2015-08-09 16:01:08,536 - ThermoData - INFO - 100: Thermostat Data is starting
2015-08-09 16:01:08,914 - ThermoData - INFO - 101: Configuration is complete
2015-08-09 18:01:08,389 - ThermoData - INFO - 100: Thermostat Data is starting
2015-08-09 18:01:08,908 - ThermoData - INFO - 101: Configuration is complete
2015-08-09 20:01:08,624 - ThermoData - INFO - 100: Thermostat Data is starting
2015-08-09 20:01:09,023 - ThermoData - INFO - 101: Configuration is complete
2015-08-09 22:01:08,885 - ThermoData - INFO - 100: Thermostat Data is starting
2015-08-09 22:01:09,536 - ThermoData - INFO - 101: Configuration is complete
2015-08-10 00:01:08,063 - ThermoData - INFO - 100: Thermostat Data is starting
2015-08-10 00:01:08,512 - ThermoData - INFO - 101: Configuration is complete
2015-08-10 02:01:08,097 - ThermoData - INFO - 100: Thermostat Data is starting
2015-08-10 02:01:08,838 - ThermoData - INFO - 101: Configuration is complete
2015-08-10 04:01:08,106 - ThermoData - INFO - 100: Thermostat Data is starting
2015-08-10 04:01:08,489 - ThermoData - INFO - 101: Configuration is complete
2015-08-10 06:01:08,061 - ThermoData - INFO - 100: Thermostat Data is starting
2015-08-10 06:01:08,855 - ThermoData - INFO - 101: Configuration is complete
2015-08-10 08:01:08,686 - ThermoData - INFO - 100: Thermostat Data is starting
2015-08-10 08:01:09,065 - ThermoData - INFO - 101: Configuration is complete
2015-08-10 10:01:08,075 - ThermoData - INFO - 100: Thermostat Data is starting
2015-08-10 10:01:08,630 - ThermoData - INFO - 101: Configuration is complete
2015-08-10 12:01:08,064 - ThermoData - INFO - 100: Thermostat Data is starting
2015-08-10 12:01:08,537 - ThermoData - INFO - 101: Configuration is complete
2015-08-10 14:01:07,971 - ThermoData - INFO - 100: Thermostat Data is starting
2015-08-10 14:01:08,352 - ThermoData - INFO - 101: Configuration is complete
2015-08-10 16:01:07,813 - ThermoData - INFO - 100: Thermostat Data is starting
2015-08-10 16:01:08,325 - ThermoData - INFO - 101: Configuration is complete
2015-08-10 18:01:08,630 - ThermoData - INFO - 100: Thermostat Data is starting
2015-08-10 18:01:09,052 - ThermoData - INFO - 101: Configuration is complete
2015-08-10 18:16:53,124 - ThermoData - INFO - 100: Thermostat Data is starting
2015-08-10 18:16:53,226 - ThermoData - INFO - 100: Thermostat Data is starting
2015-08-10 18:16:55,371 - ThermoData - INFO - 101: Configuration is complete
2015-08-10 18:16:55,378 - ThermoData - INFO - 101: Configuration is complete
2015-08-10 20:01:07,846 - ThermoData - INFO - 100: Thermostat Data is starting
2015-08-10 20:01:08,494 - ThermoData - INFO - 101: Configuration is complete
2015-08-10 21:18:07,072 - ThermoData - INFO - 100: Thermostat Data is starting
2015-08-10 21:18:07,092 - ThermoData - INFO - 100: Thermostat Data is starting
2015-08-10 21:18:08,909 - ThermoData - INFO - 101: Configuration is complete
2015-08-10 21:18:08,935 - ThermoData - INFO - 101: Configuration is complete
2015-08-10 22:54:45,388 - ThermoData - INFO - 100: Thermostat Data is starting
2015-08-10 22:54:45,479 - ThermoData - INFO - 100: Thermostat Data is starting
2015-08-10 22:54:47,197 - ThermoData - INFO - 101: Configuration is complete
2015-08-10 22:54:47,200 - ThermoData - INFO - 101: Configuration is complete
2015-08-10 23:01:38,955 - ThermoData - INFO - 100: Thermostat Data is starting
2015-08-10 23:01:39,628 - ThermoData - INFO - 101: Configuration is complete
2015-08-10 23:09:26,583 - ThermoData - INFO - 100: Thermostat Data is starting
2015-08-10 23:09:26,997 - ThermoData - INFO - 101: Configuration is complete
2015-08-10 23:35:06,876 - ThermoData - INFO - 100: Thermostat Data is starting
2015-08-10 23:35:07,396 - ThermoData - INFO - 101: Configuration is complete
2015-08-11 00:01:07,688 - ThermoData - INFO - 100: Thermostat Data is starting
2015-08-11 00:01:08,067 - ThermoData - INFO - 101: Configuration is complete
2015-08-11 01:21:29,863 - ThermoData - INFO - 100: Thermostat Data is starting
2015-08-11 01:21:30,316 - ThermoData - INFO - 101: Configuration is complete
2015-08-11 01:25:41,035 - ThermoData - INFO - 100: Thermostat Data is starting
2015-08-11 01:25:41,142 - ThermoData - INFO - 100: Thermostat Data is starting
2015-08-11 01:25:43,130 - ThermoData - INFO - 101: Configuration is complete
2015-08-11 01:25:43,157 - ThermoData - INFO - 101: Configuration is complete
2015-08-11 02:01:07,895 - ThermoData - INFO - 100: Thermostat Data is starting
2015-08-11 02:01:08,291 - ThermoData - INFO - 101: Configuration is complete
2015-08-11 04:01:07,731 - ThermoData - INFO - 100: Thermostat Data is starting
2015-08-11 04:01:08,123 - ThermoData - INFO - 101: Configuration is complete
2015-08-11 06:01:08,550 - ThermoData - INFO - 100: Thermostat Data is starting
2015-08-11 06:01:08,967 - ThermoData - INFO - 101: Configuration is complete
2015-08-11 08:01:08,334 - ThermoData - INFO - 100: Thermostat Data is starting
2015-08-11 08:01:09,049 - ThermoData - INFO - 101: Configuration is complete
2015-08-11 10:01:07,997 - ThermoData - INFO - 100: Thermostat Data is starting
2015-08-11 10:01:08,679 - ThermoData - INFO - 101: Configuration is complete
2015-08-11 12:01:08,174 - ThermoData - INFO - 100: Thermostat Data is starting
2015-08-11 12:01:08,552 - ThermoData - INFO - 101: Configuration is complete
2015-08-11 14:01:07,932 - ThermoData - INFO - 100: Thermostat Data is starting
2015-08-11 14:01:08,319 - ThermoData - INFO - 101: Configuration is complete
2015-08-11 16:01:07,891 - ThermoData - INFO - 100: Thermostat Data is starting
2015-08-11 16:01:08,277 - ThermoData - INFO - 101: Configuration is complete
2015-08-11 18:01:08,811 - ThermoData - INFO - 100: Thermostat Data is starting
2015-08-11 18:01:09,210 - ThermoData - INFO - 101: Configuration is complete
2015-08-11 20:01:08,452 - ThermoData - INFO - 100: Thermostat Data is starting
2015-08-11 20:01:09,012 - ThermoData - INFO - 101: Configuration is complete
2015-08-11 22:01:07,922 - ThermoData - INFO - 100: Thermostat Data is starting
2015-08-11 22:01:08,624 - ThermoData - INFO - 101: Configuration is complete
2015-08-12 00:01:08,184 - ThermoData - INFO - 100: Thermostat Data is starting
2015-08-12 00:01:08,579 - ThermoData - INFO - 101: Configuration is complete
2015-08-12 02:01:08,376 - ThermoData - INFO - 100: Thermostat Data is starting
2015-08-12 02:01:08,761 - ThermoData - INFO - 101: Configuration is complete
2015-08-12 04:01:08,081 - ThermoData - INFO - 100: Thermostat Data is starting
2015-08-12 04:01:08,465 - ThermoData - INFO - 101: Configuration is complete
2015-08-12 06:01:07,862 - ThermoData - INFO - 100: Thermostat Data is starting
2015-08-12 06:01:08,340 - ThermoData - INFO - 101: Configuration is complete
2015-08-12 08:01:07,868 - ThermoData - INFO - 100: Thermostat Data is starting
2015-08-12 08:01:08,251 - ThermoData - INFO - 101: Configuration is complete
2015-08-12 09:18:06,592 - ThermoData - INFO - 100: Thermostat Data is starting
2015-08-12 09:18:06,674 - ThermoData - INFO - 100: Thermostat Data is starting
2015-08-12 09:18:08,435 - ThermoData - INFO - 101: Configuration is complete
2015-08-12 09:18:08,451 - ThermoData - INFO - 101: Configuration is complete
2015-08-12 10:01:08,236 - ThermoData - INFO - 100: Thermostat Data is starting
2015-08-12 10:01:08,959 - ThermoData - INFO - 101: Configuration is complete
2015-08-12 12:01:08,454 - ThermoData - INFO - 100: Thermostat Data is starting
2015-08-12 12:01:08,906 - ThermoData - INFO - 101: Configuration is complete
2015-08-12 14:01:08,419 - ThermoData - INFO - 100: Thermostat Data is starting
2015-08-12 14:01:09,136 - ThermoData - INFO - 101: Configuration is complete
2015-08-12 16:01:08,703 - ThermoData - INFO - 100: Thermostat Data is starting
2015-08-12 16:01:09,087 - ThermoData - INFO - 101: Configuration is complete
2015-08-12 18:01:08,228 - ThermoData - INFO - 100: Thermostat Data is starting
2015-08-12 18:01:08,817 - ThermoData - INFO - 101: Configuration is complete
2015-08-12 20:01:08,257 - ThermoData - INFO - 100: Thermostat Data is starting
2015-08-12 20:01:08,876 - ThermoData - INFO - 101: Configuration is complete
2015-08-12 22:01:08,563 - ThermoData - INFO - 100: Thermostat Data is starting
2015-08-12 22:01:09,247 - ThermoData - INFO - 101: Configuration is complete
2015-08-13 00:01:07,924 - ThermoData - INFO - 100: Thermostat Data is starting
2015-08-13 00:01:08,318 - ThermoData - INFO - 101: Configuration is complete
2015-08-13 02:01:08,421 - ThermoData - INFO - 100: Thermostat Data is starting
2015-08-13 02:01:08,886 - ThermoData - INFO - 101: Configuration is complete
2015-08-13 04:01:08,486 - ThermoData - INFO - 100: Thermostat Data is starting
2015-08-13 04:01:08,924 - ThermoData - INFO - 101: Configuration is complete
2015-08-13 06:01:08,159 - ThermoData - INFO - 100: Thermostat Data is starting
2015-08-13 06:01:08,539 - ThermoData - INFO - 101: Configuration is complete
2015-08-13 08:01:08,352 - ThermoData - INFO - 100: Thermostat Data is starting
2015-08-13 08:01:08,956 - ThermoData - INFO - 101: Configuration is complete
2015-08-13 10:01:08,462 - ThermoData - INFO - 100: Thermostat Data is starting
2015-08-13 10:01:08,904 - ThermoData - INFO - 101: Configuration is complete
2015-08-13 12:01:08,162 - ThermoData - INFO - 100: Thermostat Data is starting
2015-08-13 12:01:08,889 - ThermoData - INFO - 101: Configuration is complete
2015-08-13 14:01:08,529 - ThermoData - INFO - 100: Thermostat Data is starting
2015-08-13 14:01:09,246 - ThermoData - INFO - 101: Configuration is complete
2015-08-13 16:01:08,312 - ThermoData - INFO - 100: Thermostat Data is starting
2015-08-13 16:01:08,705 - ThermoData - INFO - 101: Configuration is complete
2015-08-13 18:01:08,160 - ThermoData - INFO - 100: Thermostat Data is starting
2015-08-13 18:01:08,562 - ThermoData - INFO - 101: Configuration is complete
2015-08-13 20:01:08,100 - ThermoData - INFO - 100: Thermostat Data is starting
2015-08-13 20:01:08,836 - ThermoData - INFO - 101: Configuration is complete
2015-08-13 21:23:41,985 - ThermoData - INFO - 100: Thermostat Data is starting
2015-08-13 21:23:42,745 - ThermoData - INFO - 101: Configuration is complete
2015-08-13 21:27:41,257 - ThermoData - INFO - 100: Thermostat Data is starting
2015-08-13 21:27:42,032 - ThermoData - INFO - 101: Configuration is complete
2015-08-13 21:31:35,095 - ThermoData - INFO - 100: Thermostat Data is starting
2015-08-13 21:31:35,631 - ThermoData - INFO - 101: Configuration is complete
2015-08-13 21:35:12,182 - ThermoData - INFO - 100: Thermostat Data is starting
2015-08-13 21:35:12,584 - ThermoData - INFO - 101: Configuration is complete
2015-08-13 21:58:35,629 - ThermoData - INFO - 100: Thermostat Data is starting
2015-08-13 21:58:35,680 - ThermoData - INFO - 100: Thermostat Data is starting
2015-08-13 21:58:37,356 - ThermoData - INFO - 101: Configuration is complete
2015-08-13 21:58:37,372 - ThermoData - INFO - 101: Configuration is complete
2015-08-13 22:01:08,005 - ThermoData - INFO - 100: Thermostat Data is starting
2015-08-13 22:01:08,632 - ThermoData - INFO - 101: Configuration is complete
2015-08-14 00:01:07,843 - ThermoData - INFO - 100: Thermostat Data is starting
2015-08-14 00:01:08,218 - ThermoData - INFO - 101: Configuration is complete
2015-08-14 02:01:08,418 - ThermoData - INFO - 100: Thermostat Data is starting
2015-08-14 02:01:08,898 - ThermoData - INFO - 101: Configuration is complete
2015-08-14 04:01:08,305 - ThermoData - INFO - 100: Thermostat Data is starting
2015-08-14 04:01:08,683 - ThermoData - INFO - 101: Configuration is complete
2015-08-14 06:01:07,983 - ThermoData - INFO - 100: Thermostat Data is starting
2015-08-14 06:01:08,448 - ThermoData - INFO - 101: Configuration is complete
2015-08-14 08:01:07,758 - ThermoData - INFO - 100: Thermostat Data is starting
2015-08-14 08:01:08,151 - ThermoData - INFO - 101: Configuration is complete
2015-08-14 10:01:08,565 - ThermoData - INFO - 100: Thermostat Data is starting
2015-08-14 10:01:08,946 - ThermoData - INFO - 101: Configuration is complete
2015-08-14 12:01:08,734 - ThermoData - INFO - 100: Thermostat Data is starting
2015-08-14 12:01:09,143 - ThermoData - INFO - 101: Configuration is complete
2015-08-14 14:01:08,503 - ThermoData - INFO - 100: Thermostat Data is starting
2015-08-14 14:01:08,884 - ThermoData - INFO - 101: Configuration is complete
2015-08-14 16:01:08,145 - ThermoData - INFO - 100: Thermostat Data is starting
2015-08-14 16:01:08,710 - ThermoData - INFO - 101: Configuration is complete
2015-08-14 18:01:07,885 - ThermoData - INFO - 100: Thermostat Data is starting
2015-08-14 18:01:08,512 - ThermoData - INFO - 101: Configuration is complete
2015-08-14 20:01:07,672 - ThermoData - INFO - 100: Thermostat Data is starting
2015-08-14 20:01:08,063 - ThermoData - INFO - 101: Configuration is complete
2015-08-14 22:01:08,341 - ThermoData - INFO - 100: Thermostat Data is starting
2015-08-14 22:01:08,765 - ThermoData - INFO - 101: Configuration is complete
2015-08-15 00:01:08,429 - ThermoData - INFO - 100: Thermostat Data is starting
2015-08-15 00:01:08,798 - ThermoData - INFO - 101: Configuration is complete
2015-08-15 02:01:07,738 - ThermoData - INFO - 100: Thermostat Data is starting
2015-08-15 02:01:08,178 - ThermoData - INFO - 101: Configuration is complete
2015-08-15 04:01:07,504 - ThermoData - INFO - 100: Thermostat Data is starting
2015-08-15 04:01:07,871 - ThermoData - INFO - 101: Configuration is complete
2015-08-15 06:01:08,343 - ThermoData - INFO - 100: Thermostat Data is starting
2015-08-15 06:01:08,916 - ThermoData - INFO - 101: Configuration is complete
2015-08-15 08:01:08,145 - ThermoData - INFO - 100: Thermostat Data is starting
2015-08-15 08:01:08,513 - ThermoData - INFO - 101: Configuration is complete
2015-08-15 10:01:07,666 - ThermoData - INFO - 100: Thermostat Data is starting
2015-08-15 10:01:08,219 - ThermoData - INFO - 101: Configuration is complete
2015-08-15 12:01:08,279 - ThermoData - INFO - 100: Thermostat Data is starting
2015-08-15 12:01:08,697 - ThermoData - INFO - 101: Configuration is complete
2015-08-15 14:01:07,892 - ThermoData - INFO - 100: Thermostat Data is starting
2015-08-15 14:01:08,262 - ThermoData - INFO - 101: Configuration is complete
2015-08-15 16:01:07,742 - ThermoData - INFO - 100: Thermostat Data is starting
2015-08-15 16:01:08,397 - ThermoData - INFO - 101: Configuration is complete
2015-08-15 18:01:08,300 - ThermoData - INFO - 100: Thermostat Data is starting
2015-08-15 18:01:08,672 - ThermoData - INFO - 101: Configuration is complete
2015-08-15 20:01:08,488 - ThermoData - INFO - 100: Thermostat Data is starting
2015-08-15 20:01:08,991 - ThermoData - INFO - 101: Configuration is complete
2015-08-15 22:01:09,723 - ThermoData - INFO - 100: Thermostat Data is starting
2015-08-15 22:01:10,177 - ThermoData - INFO - 101: Configuration is complete
2015-08-16 00:01:39,788 - ThermoData - INFO - 100: Thermostat Data is starting
2015-08-16 00:01:42,626 - ThermoData - INFO - 101: Configuration is complete
2015-08-16 02:02:36,862 - ThermoData - INFO - 100: Thermostat Data is starting
2015-08-16 02:02:40,568 - ThermoData - INFO - 101: Configuration is complete
2015-08-16 04:02:48,698 - ThermoData - INFO - 100: Thermostat Data is starting
2015-08-16 04:02:51,218 - ThermoData - INFO - 101: Configuration is complete
2015-08-16 06:02:42,220 - ThermoData - INFO - 100: Thermostat Data is starting
2015-08-16 06:02:44,647 - ThermoData - INFO - 101: Configuration is complete
2015-08-16 08:01:47,668 - ThermoData - INFO - 100: Thermostat Data is starting
2015-08-16 08:01:50,097 - ThermoData - INFO - 101: Configuration is complete
2015-08-16 10:02:27,224 - ThermoData - INFO - 100: Thermostat Data is starting
2015-08-16 10:02:29,736 - ThermoData - INFO - 101: Configuration is complete
2015-08-16 12:03:31,459 - ThermoData - INFO - 100: Thermostat Data is starting
2015-08-16 12:03:33,727 - ThermoData - INFO - 101: Configuration is complete
2015-08-16 14:02:34,274 - ThermoData - INFO - 100: Thermostat Data is starting
2015-08-16 14:02:37,505 - ThermoData - INFO - 101: Configuration is complete
2015-08-16 16:02:44,844 - ThermoData - INFO - 100: Thermostat Data is starting
2015-08-16 16:02:48,470 - ThermoData - INFO - 101: Configuration is complete
2015-08-16 18:03:44,720 - ThermoData - INFO - 100: Thermostat Data is starting
2015-08-16 18:03:45,538 - ThermoData - INFO - 101: Configuration is complete
2015-08-16 20:01:08,745 - ThermoData - INFO - 100: Thermostat Data is starting
2015-08-16 20:01:09,321 - ThermoData - INFO - 101: Configuration is complete
2015-08-16 22:01:07,776 - ThermoData - INFO - 100: Thermostat Data is starting
2015-08-16 22:01:08,151 - ThermoData - INFO - 101: Configuration is complete
2015-08-17 00:01:07,525 - ThermoData - INFO - 100: Thermostat Data is starting
2015-08-17 00:01:08,128 - ThermoData - INFO - 101: Configuration is complete
2015-08-17 02:01:07,410 - ThermoData - INFO - 100: Thermostat Data is starting
2015-08-17 02:01:07,866 - ThermoData - INFO - 101: Configuration is complete
2015-08-17 04:01:07,651 - ThermoData - INFO - 100: Thermostat Data is starting
2015-08-17 04:01:08,026 - ThermoData - INFO - 101: Configuration is complete
2015-08-17 06:01:07,164 - ThermoData - INFO - 100: Thermostat Data is starting
2015-08-17 06:01:07,789 - ThermoData - INFO - 101: Configuration is complete
2015-08-17 08:01:08,182 - ThermoData - INFO - 100: Thermostat Data is starting
2015-08-17 08:01:08,594 - ThermoData - INFO - 101: Configuration is complete
2015-08-17 10:01:07,439 - ThermoData - INFO - 100: Thermostat Data is starting
2015-08-17 10:01:07,821 - ThermoData - INFO - 101: Configuration is complete
2015-08-17 12:01:07,673 - ThermoData - INFO - 100: Thermostat Data is starting
2015-08-17 12:01:08,378 - ThermoData - INFO - 101: Configuration is complete
2015-08-17 14:01:07,443 - ThermoData - INFO - 100: Thermostat Data is starting
2015-08-17 14:01:08,212 - ThermoData - INFO - 101: Configuration is complete
2015-08-17 16:01:07,635 - ThermoData - INFO - 100: Thermostat Data is starting
2015-08-17 16:01:08,109 - ThermoData - INFO - 101: Configuration is complete
2015-08-17 18:01:08,261 - ThermoData - INFO - 100: Thermostat Data is starting
2015-08-17 18:01:08,633 - ThermoData - INFO - 101: Configuration is complete
2015-08-17 20:01:07,724 - ThermoData - INFO - 100: Thermostat Data is starting
2015-08-17 20:01:08,131 - ThermoData - INFO - 101: Configuration is complete
2015-08-17 20:27:33,859 - ThermoData - INFO - 100: Thermostat Data is starting
2015-08-17 20:27:34,822 - ThermoData - INFO - 101: Configuration is complete
2015-08-17 22:01:08,165 - ThermoData - INFO - 100: Thermostat Data is starting
2015-08-17 22:01:08,540 - ThermoData - INFO - 101: Configuration is complete
2015-08-18 00:01:07,799 - ThermoData - INFO - 100: Thermostat Data is starting
2015-08-18 00:01:08,184 - ThermoData - INFO - 101: Configuration is complete
2015-08-18 02:01:08,596 - ThermoData - INFO - 100: Thermostat Data is starting
2015-08-18 02:01:09,129 - ThermoData - INFO - 101: Configuration is complete
2015-08-18 04:01:08,242 - ThermoData - INFO - 100: Thermostat Data is starting
2015-08-18 04:01:08,896 - ThermoData - INFO - 101: Configuration is complete
2015-08-18 06:01:08,444 - ThermoData - INFO - 100: Thermostat Data is starting
2015-08-18 06:01:08,820 - ThermoData - INFO - 101: Configuration is complete
2015-08-18 08:01:08,553 - ThermoData - INFO - 100: Thermostat Data is starting
2015-08-18 08:01:08,960 - ThermoData - INFO - 101: Configuration is complete
2015-08-18 10:01:08,104 - ThermoData - INFO - 100: Thermostat Data is starting
2015-08-18 10:01:08,870 - ThermoData - INFO - 101: Configuration is complete
2015-08-18 12:01:08,453 - ThermoData - INFO - 100: Thermostat Data is starting
2015-08-18 12:01:08,842 - ThermoData - INFO - 101: Configuration is complete
2015-08-18 14:01:07,698 - ThermoData - INFO - 100: Thermostat Data is starting
2015-08-18 14:01:08,385 - ThermoData - INFO - 101: Configuration is complete
2015-08-18 16:01:08,136 - ThermoData - INFO - 100: Thermostat Data is starting
2015-08-18 16:01:08,577 - ThermoData - INFO - 101: Configuration is complete
2015-08-18 18:01:08,726 - ThermoData - INFO - 100: Thermostat Data is starting
2015-08-18 18:01:09,126 - ThermoData - INFO - 101: Configuration is complete
2015-08-18 20:01:23,140 - ThermoData - INFO - 100: Thermostat Data is starting
2015-08-18 20:01:25,507 - ThermoData - INFO - 101: Configuration is complete
2015-08-18 22:01:52,359 - ThermoData - INFO - 100: Thermostat Data is starting
2015-08-18 22:01:54,048 - ThermoData - INFO - 101: Configuration is complete
2015-08-19 00:21:19,491 - ThermoData - INFO - 100: Thermostat Data is starting
2015-08-19 00:31:42,416 - ThermoData - INFO - 101: Configuration is complete
2015-08-19 02:55:53,068 - ThermoData - INFO - 100: Thermostat Data is starting
2015-08-19 03:03:46,735 - ThermoData - INFO - 101: Configuration is complete
2015-08-19 06:57:51,184 - ThermoData - INFO - 100: Thermostat Data is starting
2015-08-19 06:57:52,802 - ThermoData - INFO - 101: Configuration is complete
2015-08-19 06:57:58,204 - ThermoData - INFO - 100: Thermostat Data is starting
2015-08-19 06:57:59,277 - ThermoData - INFO - 101: Configuration is complete
2015-08-19 08:01:08,135 - ThermoData - INFO - 100: Thermostat Data is starting
2015-08-19 08:01:08,513 - ThermoData - INFO - 101: Configuration is complete
2015-08-19 09:21:29,652 - ThermoData - INFO - 100: Thermostat Data is starting
2015-08-19 09:21:29,753 - ThermoData - INFO - 100: Thermostat Data is starting
2015-08-19 09:21:31,417 - ThermoData - INFO - 101: Configuration is complete
2015-08-19 09:21:31,425 - ThermoData - INFO - 101: Configuration is complete
2015-08-19 10:01:07,925 - ThermoData - INFO - 100: Thermostat Data is starting
2015-08-19 10:01:08,624 - ThermoData - INFO - 101: Configuration is complete
2015-08-19 12:01:07,902 - ThermoData - INFO - 100: Thermostat Data is starting
2015-08-19 12:01:08,421 - ThermoData - INFO - 101: Configuration is complete
2015-08-19 14:01:07,454 - ThermoData - INFO - 100: Thermostat Data is starting
2015-08-19 14:01:08,092 - ThermoData - INFO - 101: Configuration is complete
2015-08-19 16:01:07,378 - ThermoData - INFO - 100: Thermostat Data is starting
2015-08-19 16:01:07,842 - ThermoData - INFO - 101: Configuration is complete
2015-08-19 18:01:07,682 - ThermoData - INFO - 100: Thermostat Data is starting
2015-08-19 18:01:08,149 - ThermoData - INFO - 101: Configuration is complete
2015-08-19 20:01:08,323 - ThermoData - INFO - 100: Thermostat Data is starting
2015-08-19 20:01:08,723 - ThermoData - INFO - 101: Configuration is complete
2015-08-19 22:01:07,795 - ThermoData - INFO - 100: Thermostat Data is starting
2015-08-19 22:01:08,351 - ThermoData - INFO - 101: Configuration is complete
